[2022-11-23 00:27:42] local.ERROR: Too many arguments to "make:controller" command, expected arguments "name". {"exception":"[object] (Symfony\\Component\\Console\\Exception\\RuntimeException(code: 0): Too many arguments to \"make:controller\" command, expected arguments \"name\". at C:\\Users\\iaguc\\Desktop\\TopicosEmProgramação\\mercadoNegro-API\\vendor\\symfony\\console\\Input\\ArgvInput.php:193)
[stacktrace]
#0 C:\\Users\\iaguc\\Desktop\\TopicosEmProgramação\\mercadoNegro-API\\vendor\\symfony\\console\\Input\\ArgvInput.php(86): Symfony\\Component\\Console\\Input\\ArgvInput->parseArgument('\\xE2\\x80\\x93resource')
#1 C:\\Users\\iaguc\\Desktop\\TopicosEmProgramação\\mercadoNegro-API\\vendor\\symfony\\console\\Input\\ArgvInput.php(71): Symfony\\Component\\Console\\Input\\ArgvInput->parseToken('\\xE2\\x80\\x93resource', true)
#2 C:\\Users\\iaguc\\Desktop\\TopicosEmProgramação\\mercadoNegro-API\\vendor\\symfony\\console\\Input\\Input.php(55): Symfony\\Component\\Console\\Input\\ArgvInput->parse()
#3 C:\\Users\\iaguc\\Desktop\\TopicosEmProgramação\\mercadoNegro-API\\vendor\\symfony\\console\\Command\\Command.php(257): Symfony\\Component\\Console\\Input\\Input->bind(Object(Symfony\\Component\\Console\\Input\\InputDefinition))
#4 C:\\Users\\iaguc\\Desktop\\TopicosEmProgramação\\mercadoNegro-API\\vendor\\illuminate\\console\\Command.php(121): Symfony\\Component\\Console\\Command\\Command->run(Object(Symfony\\Component\\Console\\Input\\ArgvInput), Object(Illuminate\\Console\\OutputStyle))
#5 C:\\Users\\iaguc\\Desktop\\TopicosEmProgramação\\mercadoNegro-API\\vendor\\symfony\\console\\Application.php(1040): Illuminate\\Console\\Command->run(Object(Symfony\\Component\\Console\\Input\\ArgvInput), Object(Symfony\\Component\\Console\\Output\\ConsoleOutput))
#6 C:\\Users\\iaguc\\Desktop\\TopicosEmProgramação\\mercadoNegro-API\\vendor\\symfony\\console\\Application.php(301): Symfony\\Component\\Console\\Application->doRunCommand(Object(Flipbox\\LumenGenerator\\Console\\ControllerMakeCommand), Object(Symfony\\Component\\Console\\Input\\ArgvInput), Object(Symfony\\Component\\Console\\Output\\ConsoleOutput))
#7 C:\\Users\\iaguc\\Desktop\\TopicosEmProgramação\\mercadoNegro-API\\vendor\\symfony\\console\\Application.php(171): Symfony\\Component\\Console\\Application->doRun(Object(Symfony\\Component\\Console\\Input\\ArgvInput), Object(Symfony\\Component\\Console\\Output\\ConsoleOutput))
#8 C:\\Users\\iaguc\\Desktop\\TopicosEmProgramação\\mercadoNegro-API\\vendor\\illuminate\\console\\Application.php(94): Symfony\\Component\\Console\\Application->run(Object(Symfony\\Component\\Console\\Input\\ArgvInput), Object(Symfony\\Component\\Console\\Output\\ConsoleOutput))
#9 C:\\Users\\iaguc\\Desktop\\TopicosEmProgramação\\mercadoNegro-API\\vendor\\laravel\\lumen-framework\\src\\Console\\Kernel.php(116): Illuminate\\Console\\Application->run(Object(Symfony\\Component\\Console\\Input\\ArgvInput), Object(Symfony\\Component\\Console\\Output\\ConsoleOutput))
#10 C:\\Users\\iaguc\\Desktop\\TopicosEmProgramação\\mercadoNegro-API\\artisan(35): Laravel\\Lumen\\Console\\Kernel->handle(Object(Symfony\\Component\\Console\\Input\\ArgvInput), Object(Symfony\\Component\\Console\\Output\\ConsoleOutput))
#11 {main}
"} 
[2022-11-23 00:27:45] local.ERROR: Too many arguments to "make:controller" command, expected arguments "name". {"exception":"[object] (Symfony\\Component\\Console\\Exception\\RuntimeException(code: 0): Too many arguments to \"make:controller\" command, expected arguments \"name\". at C:\\Users\\iaguc\\Desktop\\TopicosEmProgramação\\mercadoNegro-API\\vendor\\symfony\\console\\Input\\ArgvInput.php:193)
[stacktrace]
#0 C:\\Users\\iaguc\\Desktop\\TopicosEmProgramação\\mercadoNegro-API\\vendor\\symfony\\console\\Input\\ArgvInput.php(86): Symfony\\Component\\Console\\Input\\ArgvInput->parseArgument('\\xE2\\x80\\x93resource')
#1 C:\\Users\\iaguc\\Desktop\\TopicosEmProgramação\\mercadoNegro-API\\vendor\\symfony\\console\\Input\\ArgvInput.php(71): Symfony\\Component\\Console\\Input\\ArgvInput->parseToken('\\xE2\\x80\\x93resource', true)
#2 C:\\Users\\iaguc\\Desktop\\TopicosEmProgramação\\mercadoNegro-API\\vendor\\symfony\\console\\Input\\Input.php(55): Symfony\\Component\\Console\\Input\\ArgvInput->parse()
#3 C:\\Users\\iaguc\\Desktop\\TopicosEmProgramação\\mercadoNegro-API\\vendor\\symfony\\console\\Command\\Command.php(257): Symfony\\Component\\Console\\Input\\Input->bind(Object(Symfony\\Component\\Console\\Input\\InputDefinition))
#4 C:\\Users\\iaguc\\Desktop\\TopicosEmProgramação\\mercadoNegro-API\\vendor\\illuminate\\console\\Command.php(121): Symfony\\Component\\Console\\Command\\Command->run(Object(Symfony\\Component\\Console\\Input\\ArgvInput), Object(Illuminate\\Console\\OutputStyle))
#5 C:\\Users\\iaguc\\Desktop\\TopicosEmProgramação\\mercadoNegro-API\\vendor\\symfony\\console\\Application.php(1040): Illuminate\\Console\\Command->run(Object(Symfony\\Component\\Console\\Input\\ArgvInput), Object(Symfony\\Component\\Console\\Output\\ConsoleOutput))
#6 C:\\Users\\iaguc\\Desktop\\TopicosEmProgramação\\mercadoNegro-API\\vendor\\symfony\\console\\Application.php(301): Symfony\\Component\\Console\\Application->doRunCommand(Object(Flipbox\\LumenGenerator\\Console\\ControllerMakeCommand), Object(Symfony\\Component\\Console\\Input\\ArgvInput), Object(Symfony\\Component\\Console\\Output\\ConsoleOutput))
#7 C:\\Users\\iaguc\\Desktop\\TopicosEmProgramação\\mercadoNegro-API\\vendor\\symfony\\console\\Application.php(171): Symfony\\Component\\Console\\Application->doRun(Object(Symfony\\Component\\Console\\Input\\ArgvInput), Object(Symfony\\Component\\Console\\Output\\ConsoleOutput))
#8 C:\\Users\\iaguc\\Desktop\\TopicosEmProgramação\\mercadoNegro-API\\vendor\\illuminate\\console\\Application.php(94): Symfony\\Component\\Console\\Application->run(Object(Symfony\\Component\\Console\\Input\\ArgvInput), Object(Symfony\\Component\\Console\\Output\\ConsoleOutput))
#9 C:\\Users\\iaguc\\Desktop\\TopicosEmProgramação\\mercadoNegro-API\\vendor\\laravel\\lumen-framework\\src\\Console\\Kernel.php(116): Illuminate\\Console\\Application->run(Object(Symfony\\Component\\Console\\Input\\ArgvInput), Object(Symfony\\Component\\Console\\Output\\ConsoleOutput))
#10 C:\\Users\\iaguc\\Desktop\\TopicosEmProgramação\\mercadoNegro-API\\artisan(35): Laravel\\Lumen\\Console\\Kernel->handle(Object(Symfony\\Component\\Console\\Input\\ArgvInput), Object(Symfony\\Component\\Console\\Output\\ConsoleOutput))
#11 {main}
"} 
[2022-11-23 00:28:01] local.ERROR: The "-–" option does not exist. {"exception":"[object] (Symfony\\Component\\Console\\Exception\\RuntimeException(code: 0): The \"-–\" option does not exist. at C:\\Users\\iaguc\\Desktop\\TopicosEmProgramação\\mercadoNegro-API\\vendor\\symfony\\console\\Input\\ArgvInput.php:122)
[stacktrace]
#0 C:\\Users\\iaguc\\Desktop\\TopicosEmProgramação\\mercadoNegro-API\\vendor\\symfony\\console\\Input\\ArgvInput.php(104): Symfony\\Component\\Console\\Input\\ArgvInput->parseShortOptionSet('\\xE2\\x80\\x93resource')
#1 C:\\Users\\iaguc\\Desktop\\TopicosEmProgramação\\mercadoNegro-API\\vendor\\symfony\\console\\Input\\ArgvInput.php(84): Symfony\\Component\\Console\\Input\\ArgvInput->parseShortOption('-\\xE2\\x80\\x93resource')
#2 C:\\Users\\iaguc\\Desktop\\TopicosEmProgramação\\mercadoNegro-API\\vendor\\symfony\\console\\Input\\ArgvInput.php(71): Symfony\\Component\\Console\\Input\\ArgvInput->parseToken('-\\xE2\\x80\\x93resource', true)
#3 C:\\Users\\iaguc\\Desktop\\TopicosEmProgramação\\mercadoNegro-API\\vendor\\symfony\\console\\Input\\Input.php(55): Symfony\\Component\\Console\\Input\\ArgvInput->parse()
#4 C:\\Users\\iaguc\\Desktop\\TopicosEmProgramação\\mercadoNegro-API\\vendor\\symfony\\console\\Command\\Command.php(257): Symfony\\Component\\Console\\Input\\Input->bind(Object(Symfony\\Component\\Console\\Input\\InputDefinition))
#5 C:\\Users\\iaguc\\Desktop\\TopicosEmProgramação\\mercadoNegro-API\\vendor\\illuminate\\console\\Command.php(121): Symfony\\Component\\Console\\Command\\Command->run(Object(Symfony\\Component\\Console\\Input\\ArgvInput), Object(Illuminate\\Console\\OutputStyle))
#6 C:\\Users\\iaguc\\Desktop\\TopicosEmProgramação\\mercadoNegro-API\\vendor\\symfony\\console\\Application.php(1040): Illuminate\\Console\\Command->run(Object(Symfony\\Component\\Console\\Input\\ArgvInput), Object(Symfony\\Component\\Console\\Output\\ConsoleOutput))
#7 C:\\Users\\iaguc\\Desktop\\TopicosEmProgramação\\mercadoNegro-API\\vendor\\symfony\\console\\Application.php(301): Symfony\\Component\\Console\\Application->doRunCommand(Object(Flipbox\\LumenGenerator\\Console\\ControllerMakeCommand), Object(Symfony\\Component\\Console\\Input\\ArgvInput), Object(Symfony\\Component\\Console\\Output\\ConsoleOutput))
#8 C:\\Users\\iaguc\\Desktop\\TopicosEmProgramação\\mercadoNegro-API\\vendor\\symfony\\console\\Application.php(171): Symfony\\Component\\Console\\Application->doRun(Object(Symfony\\Component\\Console\\Input\\ArgvInput), Object(Symfony\\Component\\Console\\Output\\ConsoleOutput))
#9 C:\\Users\\iaguc\\Desktop\\TopicosEmProgramação\\mercadoNegro-API\\vendor\\illuminate\\console\\Application.php(94): Symfony\\Component\\Console\\Application->run(Object(Symfony\\Component\\Console\\Input\\ArgvInput), Object(Symfony\\Component\\Console\\Output\\ConsoleOutput))
#10 C:\\Users\\iaguc\\Desktop\\TopicosEmProgramação\\mercadoNegro-API\\vendor\\laravel\\lumen-framework\\src\\Console\\Kernel.php(116): Illuminate\\Console\\Application->run(Object(Symfony\\Component\\Console\\Input\\ArgvInput), Object(Symfony\\Component\\Console\\Output\\ConsoleOutput))
#11 C:\\Users\\iaguc\\Desktop\\TopicosEmProgramação\\mercadoNegro-API\\artisan(35): Laravel\\Lumen\\Console\\Kernel->handle(Object(Symfony\\Component\\Console\\Input\\ArgvInput), Object(Symfony\\Component\\Console\\Output\\ConsoleOutput))
#12 {main}
"} 
[2022-11-23 00:28:26] local.ERROR: Too many arguments to "make:controller" command, expected arguments "name". {"exception":"[object] (Symfony\\Component\\Console\\Exception\\RuntimeException(code: 0): Too many arguments to \"make:controller\" command, expected arguments \"name\". at C:\\Users\\iaguc\\Desktop\\TopicosEmProgramação\\mercadoNegro-API\\vendor\\symfony\\console\\Input\\ArgvInput.php:193)
[stacktrace]
#0 C:\\Users\\iaguc\\Desktop\\TopicosEmProgramação\\mercadoNegro-API\\vendor\\symfony\\console\\Input\\ArgvInput.php(86): Symfony\\Component\\Console\\Input\\ArgvInput->parseArgument('\\xE2\\x80\\x93resource')
#1 C:\\Users\\iaguc\\Desktop\\TopicosEmProgramação\\mercadoNegro-API\\vendor\\symfony\\console\\Input\\ArgvInput.php(71): Symfony\\Component\\Console\\Input\\ArgvInput->parseToken('\\xE2\\x80\\x93resource', true)
#2 C:\\Users\\iaguc\\Desktop\\TopicosEmProgramação\\mercadoNegro-API\\vendor\\symfony\\console\\Input\\Input.php(55): Symfony\\Component\\Console\\Input\\ArgvInput->parse()
#3 C:\\Users\\iaguc\\Desktop\\TopicosEmProgramação\\mercadoNegro-API\\vendor\\symfony\\console\\Command\\Command.php(257): Symfony\\Component\\Console\\Input\\Input->bind(Object(Symfony\\Component\\Console\\Input\\InputDefinition))
#4 C:\\Users\\iaguc\\Desktop\\TopicosEmProgramação\\mercadoNegro-API\\vendor\\illuminate\\console\\Command.php(121): Symfony\\Component\\Console\\Command\\Command->run(Object(Symfony\\Component\\Console\\Input\\ArgvInput), Object(Illuminate\\Console\\OutputStyle))
#5 C:\\Users\\iaguc\\Desktop\\TopicosEmProgramação\\mercadoNegro-API\\vendor\\symfony\\console\\Application.php(1040): Illuminate\\Console\\Command->run(Object(Symfony\\Component\\Console\\Input\\ArgvInput), Object(Symfony\\Component\\Console\\Output\\ConsoleOutput))
#6 C:\\Users\\iaguc\\Desktop\\TopicosEmProgramação\\mercadoNegro-API\\vendor\\symfony\\console\\Application.php(301): Symfony\\Component\\Console\\Application->doRunCommand(Object(Flipbox\\LumenGenerator\\Console\\ControllerMakeCommand), Object(Symfony\\Component\\Console\\Input\\ArgvInput), Object(Symfony\\Component\\Console\\Output\\ConsoleOutput))
#7 C:\\Users\\iaguc\\Desktop\\TopicosEmProgramação\\mercadoNegro-API\\vendor\\symfony\\console\\Application.php(171): Symfony\\Component\\Console\\Application->doRun(Object(Symfony\\Component\\Console\\Input\\ArgvInput), Object(Symfony\\Component\\Console\\Output\\ConsoleOutput))
#8 C:\\Users\\iaguc\\Desktop\\TopicosEmProgramação\\mercadoNegro-API\\vendor\\illuminate\\console\\Application.php(94): Symfony\\Component\\Console\\Application->run(Object(Symfony\\Component\\Console\\Input\\ArgvInput), Object(Symfony\\Component\\Console\\Output\\ConsoleOutput))
#9 C:\\Users\\iaguc\\Desktop\\TopicosEmProgramação\\mercadoNegro-API\\vendor\\laravel\\lumen-framework\\src\\Console\\Kernel.php(116): Illuminate\\Console\\Application->run(Object(Symfony\\Component\\Console\\Input\\ArgvInput), Object(Symfony\\Component\\Console\\Output\\ConsoleOutput))
#10 C:\\Users\\iaguc\\Desktop\\TopicosEmProgramação\\mercadoNegro-API\\artisan(35): Laravel\\Lumen\\Console\\Kernel->handle(Object(Symfony\\Component\\Console\\Input\\ArgvInput), Object(Symfony\\Component\\Console\\Output\\ConsoleOutput))
#11 {main}
"} 
[2022-11-23 00:30:33] local.ERROR: Too many arguments to "make:controller" command, expected arguments "name". {"exception":"[object] (Symfony\\Component\\Console\\Exception\\RuntimeException(code: 0): Too many arguments to \"make:controller\" command, expected arguments \"name\". at C:\\Users\\iaguc\\Desktop\\TopicosEmProgramação\\mercadoNegro-API\\vendor\\symfony\\console\\Input\\ArgvInput.php:193)
[stacktrace]
#0 C:\\Users\\iaguc\\Desktop\\TopicosEmProgramação\\mercadoNegro-API\\vendor\\symfony\\console\\Input\\ArgvInput.php(86): Symfony\\Component\\Console\\Input\\ArgvInput->parseArgument('\\xE2\\x80\\x93resource')
#1 C:\\Users\\iaguc\\Desktop\\TopicosEmProgramação\\mercadoNegro-API\\vendor\\symfony\\console\\Input\\ArgvInput.php(71): Symfony\\Component\\Console\\Input\\ArgvInput->parseToken('\\xE2\\x80\\x93resource', true)
#2 C:\\Users\\iaguc\\Desktop\\TopicosEmProgramação\\mercadoNegro-API\\vendor\\symfony\\console\\Input\\Input.php(55): Symfony\\Component\\Console\\Input\\ArgvInput->parse()
#3 C:\\Users\\iaguc\\Desktop\\TopicosEmProgramação\\mercadoNegro-API\\vendor\\symfony\\console\\Command\\Command.php(257): Symfony\\Component\\Console\\Input\\Input->bind(Object(Symfony\\Component\\Console\\Input\\InputDefinition))
#4 C:\\Users\\iaguc\\Desktop\\TopicosEmProgramação\\mercadoNegro-API\\vendor\\illuminate\\console\\Command.php(121): Symfony\\Component\\Console\\Command\\Command->run(Object(Symfony\\Component\\Console\\Input\\ArgvInput), Object(Illuminate\\Console\\OutputStyle))
#5 C:\\Users\\iaguc\\Desktop\\TopicosEmProgramação\\mercadoNegro-API\\vendor\\symfony\\console\\Application.php(1040): Illuminate\\Console\\Command->run(Object(Symfony\\Component\\Console\\Input\\ArgvInput), Object(Symfony\\Component\\Console\\Output\\ConsoleOutput))
#6 C:\\Users\\iaguc\\Desktop\\TopicosEmProgramação\\mercadoNegro-API\\vendor\\symfony\\console\\Application.php(301): Symfony\\Component\\Console\\Application->doRunCommand(Object(Flipbox\\LumenGenerator\\Console\\ControllerMakeCommand), Object(Symfony\\Component\\Console\\Input\\ArgvInput), Object(Symfony\\Component\\Console\\Output\\ConsoleOutput))
#7 C:\\Users\\iaguc\\Desktop\\TopicosEmProgramação\\mercadoNegro-API\\vendor\\symfony\\console\\Application.php(171): Symfony\\Component\\Console\\Application->doRun(Object(Symfony\\Component\\Console\\Input\\ArgvInput), Object(Symfony\\Component\\Console\\Output\\ConsoleOutput))
#8 C:\\Users\\iaguc\\Desktop\\TopicosEmProgramação\\mercadoNegro-API\\vendor\\illuminate\\console\\Application.php(94): Symfony\\Component\\Console\\Application->run(Object(Symfony\\Component\\Console\\Input\\ArgvInput), Object(Symfony\\Component\\Console\\Output\\ConsoleOutput))
#9 C:\\Users\\iaguc\\Desktop\\TopicosEmProgramação\\mercadoNegro-API\\vendor\\laravel\\lumen-framework\\src\\Console\\Kernel.php(116): Illuminate\\Console\\Application->run(Object(Symfony\\Component\\Console\\Input\\ArgvInput), Object(Symfony\\Component\\Console\\Output\\ConsoleOutput))
#10 C:\\Users\\iaguc\\Desktop\\TopicosEmProgramação\\mercadoNegro-API\\artisan(35): Laravel\\Lumen\\Console\\Kernel->handle(Object(Symfony\\Component\\Console\\Input\\ArgvInput), Object(Symfony\\Component\\Console\\Output\\ConsoleOutput))
#11 {main}
"} 
[2022-11-23 00:31:40] local.ERROR: The "-–" option does not exist. {"exception":"[object] (Symfony\\Component\\Console\\Exception\\RuntimeException(code: 0): The \"-–\" option does not exist. at C:\\Users\\iaguc\\Desktop\\TopicosEmProgramação\\mercadoNegro-API\\vendor\\symfony\\console\\Input\\ArgvInput.php:122)
[stacktrace]
#0 C:\\Users\\iaguc\\Desktop\\TopicosEmProgramação\\mercadoNegro-API\\vendor\\symfony\\console\\Input\\ArgvInput.php(104): Symfony\\Component\\Console\\Input\\ArgvInput->parseShortOptionSet('\\xE2\\x80\\x93resource')
#1 C:\\Users\\iaguc\\Desktop\\TopicosEmProgramação\\mercadoNegro-API\\vendor\\symfony\\console\\Input\\ArgvInput.php(84): Symfony\\Component\\Console\\Input\\ArgvInput->parseShortOption('-\\xE2\\x80\\x93resource')
#2 C:\\Users\\iaguc\\Desktop\\TopicosEmProgramação\\mercadoNegro-API\\vendor\\symfony\\console\\Input\\ArgvInput.php(71): Symfony\\Component\\Console\\Input\\ArgvInput->parseToken('-\\xE2\\x80\\x93resource', true)
#3 C:\\Users\\iaguc\\Desktop\\TopicosEmProgramação\\mercadoNegro-API\\vendor\\symfony\\console\\Input\\Input.php(55): Symfony\\Component\\Console\\Input\\ArgvInput->parse()
#4 C:\\Users\\iaguc\\Desktop\\TopicosEmProgramação\\mercadoNegro-API\\vendor\\symfony\\console\\Command\\Command.php(257): Symfony\\Component\\Console\\Input\\Input->bind(Object(Symfony\\Component\\Console\\Input\\InputDefinition))
#5 C:\\Users\\iaguc\\Desktop\\TopicosEmProgramação\\mercadoNegro-API\\vendor\\illuminate\\console\\Command.php(121): Symfony\\Component\\Console\\Command\\Command->run(Object(Symfony\\Component\\Console\\Input\\ArgvInput), Object(Illuminate\\Console\\OutputStyle))
#6 C:\\Users\\iaguc\\Desktop\\TopicosEmProgramação\\mercadoNegro-API\\vendor\\symfony\\console\\Application.php(1040): Illuminate\\Console\\Command->run(Object(Symfony\\Component\\Console\\Input\\ArgvInput), Object(Symfony\\Component\\Console\\Output\\ConsoleOutput))
#7 C:\\Users\\iaguc\\Desktop\\TopicosEmProgramação\\mercadoNegro-API\\vendor\\symfony\\console\\Application.php(301): Symfony\\Component\\Console\\Application->doRunCommand(Object(Flipbox\\LumenGenerator\\Console\\ControllerMakeCommand), Object(Symfony\\Component\\Console\\Input\\ArgvInput), Object(Symfony\\Component\\Console\\Output\\ConsoleOutput))
#8 C:\\Users\\iaguc\\Desktop\\TopicosEmProgramação\\mercadoNegro-API\\vendor\\symfony\\console\\Application.php(171): Symfony\\Component\\Console\\Application->doRun(Object(Symfony\\Component\\Console\\Input\\ArgvInput), Object(Symfony\\Component\\Console\\Output\\ConsoleOutput))
#9 C:\\Users\\iaguc\\Desktop\\TopicosEmProgramação\\mercadoNegro-API\\vendor\\illuminate\\console\\Application.php(94): Symfony\\Component\\Console\\Application->run(Object(Symfony\\Component\\Console\\Input\\ArgvInput), Object(Symfony\\Component\\Console\\Output\\ConsoleOutput))
#10 C:\\Users\\iaguc\\Desktop\\TopicosEmProgramação\\mercadoNegro-API\\vendor\\laravel\\lumen-framework\\src\\Console\\Kernel.php(116): Illuminate\\Console\\Application->run(Object(Symfony\\Component\\Console\\Input\\ArgvInput), Object(Symfony\\Component\\Console\\Output\\ConsoleOutput))
#11 C:\\Users\\iaguc\\Desktop\\TopicosEmProgramação\\mercadoNegro-API\\artisan(35): Laravel\\Lumen\\Console\\Kernel->handle(Object(Symfony\\Component\\Console\\Input\\ArgvInput), Object(Symfony\\Component\\Console\\Output\\ConsoleOutput))
#12 {main}
"} 
[2022-11-23 00:41:30] local.ERROR: Database connection [mercadoNegro] not configured. {"exception":"[object] (InvalidArgumentException(code: 0): Database connection [mercadoNegro] not configured. at C:\\Users\\iaguc\\Desktop\\TopicosEmProgramação\\mercadoNegro-API\\vendor\\illuminate\\database\\DatabaseManager.php:161)
[stacktrace]
#0 C:\\Users\\iaguc\\Desktop\\TopicosEmProgramação\\mercadoNegro-API\\vendor\\illuminate\\database\\DatabaseManager.php(124): Illuminate\\Database\\DatabaseManager->configuration('mercadoNegro')
#1 C:\\Users\\iaguc\\Desktop\\TopicosEmProgramação\\mercadoNegro-API\\vendor\\illuminate\\database\\DatabaseManager.php(95): Illuminate\\Database\\DatabaseManager->makeConnection('mercadoNegro')
#2 C:\\Users\\iaguc\\Desktop\\TopicosEmProgramação\\mercadoNegro-API\\vendor\\illuminate\\database\\Eloquent\\Model.php(1653): Illuminate\\Database\\DatabaseManager->connection('mercadoNegro')
#3 C:\\Users\\iaguc\\Desktop\\TopicosEmProgramação\\mercadoNegro-API\\vendor\\illuminate\\database\\Eloquent\\Model.php(1619): Illuminate\\Database\\Eloquent\\Model::resolveConnection(NULL)
#4 C:\\Users\\iaguc\\Desktop\\TopicosEmProgramação\\mercadoNegro-API\\vendor\\illuminate\\database\\Eloquent\\Model.php(1425): Illuminate\\Database\\Eloquent\\Model->getConnection()
#5 C:\\Users\\iaguc\\Desktop\\TopicosEmProgramação\\mercadoNegro-API\\vendor\\illuminate\\database\\Eloquent\\Model.php(1342): Illuminate\\Database\\Eloquent\\Model->newBaseQueryBuilder()
#6 C:\\Users\\iaguc\\Desktop\\TopicosEmProgramação\\mercadoNegro-API\\vendor\\illuminate\\database\\Eloquent\\Model.php(1378): Illuminate\\Database\\Eloquent\\Model->newModelQuery()
#7 C:\\Users\\iaguc\\Desktop\\TopicosEmProgramação\\mercadoNegro-API\\vendor\\illuminate\\database\\Eloquent\\Model.php(1331): Illuminate\\Database\\Eloquent\\Model->newQueryWithoutScopes()
#8 C:\\Users\\iaguc\\Desktop\\TopicosEmProgramação\\mercadoNegro-API\\vendor\\illuminate\\database\\Eloquent\\Model.php(1321): Illuminate\\Database\\Eloquent\\Model->newQuery()
#9 C:\\Users\\iaguc\\Desktop\\TopicosEmProgramação\\mercadoNegro-API\\vendor\\illuminate\\database\\Eloquent\\Model.php(567): Illuminate\\Database\\Eloquent\\Model::query()
#10 C:\\Users\\iaguc\\Desktop\\TopicosEmProgramação\\mercadoNegro-API\\app\\Http\\Controllers\\PocoesController.php(23): Illuminate\\Database\\Eloquent\\Model::all()
#11 C:\\Users\\iaguc\\Desktop\\TopicosEmProgramação\\mercadoNegro-API\\vendor\\illuminate\\container\\BoundMethod.php(36): App\\Http\\Controllers\\PocoesController->index()
#12 C:\\Users\\iaguc\\Desktop\\TopicosEmProgramação\\mercadoNegro-API\\vendor\\illuminate\\container\\Util.php(40): Illuminate\\Container\\BoundMethod::Illuminate\\Container\\{closure}()
#13 C:\\Users\\iaguc\\Desktop\\TopicosEmProgramação\\mercadoNegro-API\\vendor\\illuminate\\container\\BoundMethod.php(93): Illuminate\\Container\\Util::unwrapIfClosure(Object(Closure))
#14 C:\\Users\\iaguc\\Desktop\\TopicosEmProgramação\\mercadoNegro-API\\vendor\\illuminate\\container\\BoundMethod.php(37): Illuminate\\Container\\BoundMethod::callBoundMethod(Object(Laravel\\Lumen\\Application), Array, Object(Closure))
#15 C:\\Users\\iaguc\\Desktop\\TopicosEmProgramação\\mercadoNegro-API\\vendor\\illuminate\\container\\Container.php(653): Illuminate\\Container\\BoundMethod::call(Object(Laravel\\Lumen\\Application), Array, Array, NULL)
#16 C:\\Users\\iaguc\\Desktop\\TopicosEmProgramação\\mercadoNegro-API\\vendor\\laravel\\lumen-framework\\src\\Concerns\\RoutesRequests.php(389): Illuminate\\Container\\Container->call(Array, Array)
#17 C:\\Users\\iaguc\\Desktop\\TopicosEmProgramação\\mercadoNegro-API\\vendor\\laravel\\lumen-framework\\src\\Concerns\\RoutesRequests.php(355): Laravel\\Lumen\\Application->callControllerCallable(Array, Array)
#18 C:\\Users\\iaguc\\Desktop\\TopicosEmProgramação\\mercadoNegro-API\\vendor\\laravel\\lumen-framework\\src\\Concerns\\RoutesRequests.php(329): Laravel\\Lumen\\Application->callLumenController(Object(App\\Http\\Controllers\\PocoesController), 'index', Array)
#19 C:\\Users\\iaguc\\Desktop\\TopicosEmProgramação\\mercadoNegro-API\\vendor\\laravel\\lumen-framework\\src\\Concerns\\RoutesRequests.php(282): Laravel\\Lumen\\Application->callControllerAction(Array)
#20 C:\\Users\\iaguc\\Desktop\\TopicosEmProgramação\\mercadoNegro-API\\vendor\\laravel\\lumen-framework\\src\\Concerns\\RoutesRequests.php(267): Laravel\\Lumen\\Application->callActionOnArrayBasedRoute(Array)
#21 C:\\Users\\iaguc\\Desktop\\TopicosEmProgramação\\mercadoNegro-API\\vendor\\laravel\\lumen-framework\\src\\Concerns\\RoutesRequests.php(169): Laravel\\Lumen\\Application->handleFoundRoute(Array)
#22 C:\\Users\\iaguc\\Desktop\\TopicosEmProgramação\\mercadoNegro-API\\vendor\\laravel\\lumen-framework\\src\\Concerns\\RoutesRequests.php(429): Laravel\\Lumen\\Application->Laravel\\Lumen\\Concerns\\{closure}(Object(Laravel\\Lumen\\Http\\Request))
#23 C:\\Users\\iaguc\\Desktop\\TopicosEmProgramação\\mercadoNegro-API\\vendor\\laravel\\lumen-framework\\src\\Concerns\\RoutesRequests.php(175): Laravel\\Lumen\\Application->sendThroughPipeline(Array, Object(Closure))
#24 C:\\Users\\iaguc\\Desktop\\TopicosEmProgramação\\mercadoNegro-API\\vendor\\laravel\\lumen-framework\\src\\Concerns\\RoutesRequests.php(112): Laravel\\Lumen\\Application->dispatch(NULL)
#25 C:\\Users\\iaguc\\Desktop\\TopicosEmProgramação\\mercadoNegro-API\\public\\index.php(28): Laravel\\Lumen\\Application->run()
#26 {main}
"} 
[2022-11-23 00:41:50] local.ERROR: Database connection [mercadonegro] not configured. {"exception":"[object] (InvalidArgumentException(code: 0): Database connection [mercadonegro] not configured. at C:\\Users\\iaguc\\Desktop\\TopicosEmProgramação\\mercadoNegro-API\\vendor\\illuminate\\database\\DatabaseManager.php:161)
[stacktrace]
#0 C:\\Users\\iaguc\\Desktop\\TopicosEmProgramação\\mercadoNegro-API\\vendor\\illuminate\\database\\DatabaseManager.php(124): Illuminate\\Database\\DatabaseManager->configuration('mercadonegro')
#1 C:\\Users\\iaguc\\Desktop\\TopicosEmProgramação\\mercadoNegro-API\\vendor\\illuminate\\database\\DatabaseManager.php(95): Illuminate\\Database\\DatabaseManager->makeConnection('mercadonegro')
#2 C:\\Users\\iaguc\\Desktop\\TopicosEmProgramação\\mercadoNegro-API\\vendor\\illuminate\\database\\Eloquent\\Model.php(1653): Illuminate\\Database\\DatabaseManager->connection('mercadonegro')
#3 C:\\Users\\iaguc\\Desktop\\TopicosEmProgramação\\mercadoNegro-API\\vendor\\illuminate\\database\\Eloquent\\Model.php(1619): Illuminate\\Database\\Eloquent\\Model::resolveConnection(NULL)
#4 C:\\Users\\iaguc\\Desktop\\TopicosEmProgramação\\mercadoNegro-API\\vendor\\illuminate\\database\\Eloquent\\Model.php(1425): Illuminate\\Database\\Eloquent\\Model->getConnection()
#5 C:\\Users\\iaguc\\Desktop\\TopicosEmProgramação\\mercadoNegro-API\\vendor\\illuminate\\database\\Eloquent\\Model.php(1342): Illuminate\\Database\\Eloquent\\Model->newBaseQueryBuilder()
#6 C:\\Users\\iaguc\\Desktop\\TopicosEmProgramação\\mercadoNegro-API\\vendor\\illuminate\\database\\Eloquent\\Model.php(1378): Illuminate\\Database\\Eloquent\\Model->newModelQuery()
#7 C:\\Users\\iaguc\\Desktop\\TopicosEmProgramação\\mercadoNegro-API\\vendor\\illuminate\\database\\Eloquent\\Model.php(1331): Illuminate\\Database\\Eloquent\\Model->newQueryWithoutScopes()
#8 C:\\Users\\iaguc\\Desktop\\TopicosEmProgramação\\mercadoNegro-API\\vendor\\illuminate\\database\\Eloquent\\Model.php(1321): Illuminate\\Database\\Eloquent\\Model->newQuery()
#9 C:\\Users\\iaguc\\Desktop\\TopicosEmProgramação\\mercadoNegro-API\\vendor\\illuminate\\database\\Eloquent\\Model.php(567): Illuminate\\Database\\Eloquent\\Model::query()
#10 C:\\Users\\iaguc\\Desktop\\TopicosEmProgramação\\mercadoNegro-API\\app\\Http\\Controllers\\PocoesController.php(23): Illuminate\\Database\\Eloquent\\Model::all()
#11 C:\\Users\\iaguc\\Desktop\\TopicosEmProgramação\\mercadoNegro-API\\vendor\\illuminate\\container\\BoundMethod.php(36): App\\Http\\Controllers\\PocoesController->index()
#12 C:\\Users\\iaguc\\Desktop\\TopicosEmProgramação\\mercadoNegro-API\\vendor\\illuminate\\container\\Util.php(40): Illuminate\\Container\\BoundMethod::Illuminate\\Container\\{closure}()
#13 C:\\Users\\iaguc\\Desktop\\TopicosEmProgramação\\mercadoNegro-API\\vendor\\illuminate\\container\\BoundMethod.php(93): Illuminate\\Container\\Util::unwrapIfClosure(Object(Closure))
#14 C:\\Users\\iaguc\\Desktop\\TopicosEmProgramação\\mercadoNegro-API\\vendor\\illuminate\\container\\BoundMethod.php(37): Illuminate\\Container\\BoundMethod::callBoundMethod(Object(Laravel\\Lumen\\Application), Array, Object(Closure))
#15 C:\\Users\\iaguc\\Desktop\\TopicosEmProgramação\\mercadoNegro-API\\vendor\\illuminate\\container\\Container.php(653): Illuminate\\Container\\BoundMethod::call(Object(Laravel\\Lumen\\Application), Array, Array, NULL)
#16 C:\\Users\\iaguc\\Desktop\\TopicosEmProgramação\\mercadoNegro-API\\vendor\\laravel\\lumen-framework\\src\\Concerns\\RoutesRequests.php(389): Illuminate\\Container\\Container->call(Array, Array)
#17 C:\\Users\\iaguc\\Desktop\\TopicosEmProgramação\\mercadoNegro-API\\vendor\\laravel\\lumen-framework\\src\\Concerns\\RoutesRequests.php(355): Laravel\\Lumen\\Application->callControllerCallable(Array, Array)
#18 C:\\Users\\iaguc\\Desktop\\TopicosEmProgramação\\mercadoNegro-API\\vendor\\laravel\\lumen-framework\\src\\Concerns\\RoutesRequests.php(329): Laravel\\Lumen\\Application->callLumenController(Object(App\\Http\\Controllers\\PocoesController), 'index', Array)
#19 C:\\Users\\iaguc\\Desktop\\TopicosEmProgramação\\mercadoNegro-API\\vendor\\laravel\\lumen-framework\\src\\Concerns\\RoutesRequests.php(282): Laravel\\Lumen\\Application->callControllerAction(Array)
#20 C:\\Users\\iaguc\\Desktop\\TopicosEmProgramação\\mercadoNegro-API\\vendor\\laravel\\lumen-framework\\src\\Concerns\\RoutesRequests.php(267): Laravel\\Lumen\\Application->callActionOnArrayBasedRoute(Array)
#21 C:\\Users\\iaguc\\Desktop\\TopicosEmProgramação\\mercadoNegro-API\\vendor\\laravel\\lumen-framework\\src\\Concerns\\RoutesRequests.php(169): Laravel\\Lumen\\Application->handleFoundRoute(Array)
#22 C:\\Users\\iaguc\\Desktop\\TopicosEmProgramação\\mercadoNegro-API\\vendor\\laravel\\lumen-framework\\src\\Concerns\\RoutesRequests.php(429): Laravel\\Lumen\\Application->Laravel\\Lumen\\Concerns\\{closure}(Object(Laravel\\Lumen\\Http\\Request))
#23 C:\\Users\\iaguc\\Desktop\\TopicosEmProgramação\\mercadoNegro-API\\vendor\\laravel\\lumen-framework\\src\\Concerns\\RoutesRequests.php(175): Laravel\\Lumen\\Application->sendThroughPipeline(Array, Object(Closure))
#24 C:\\Users\\iaguc\\Desktop\\TopicosEmProgramação\\mercadoNegro-API\\vendor\\laravel\\lumen-framework\\src\\Concerns\\RoutesRequests.php(112): Laravel\\Lumen\\Application->dispatch(NULL)
#25 C:\\Users\\iaguc\\Desktop\\TopicosEmProgramação\\mercadoNegro-API\\public\\index.php(28): Laravel\\Lumen\\Application->run()
#26 {main}
"} 
[2022-11-23 00:41:52] local.ERROR: Database connection [mercadonegro] not configured. {"exception":"[object] (InvalidArgumentException(code: 0): Database connection [mercadonegro] not configured. at C:\\Users\\iaguc\\Desktop\\TopicosEmProgramação\\mercadoNegro-API\\vendor\\illuminate\\database\\DatabaseManager.php:161)
[stacktrace]
#0 C:\\Users\\iaguc\\Desktop\\TopicosEmProgramação\\mercadoNegro-API\\vendor\\illuminate\\database\\DatabaseManager.php(124): Illuminate\\Database\\DatabaseManager->configuration('mercadonegro')
#1 C:\\Users\\iaguc\\Desktop\\TopicosEmProgramação\\mercadoNegro-API\\vendor\\illuminate\\database\\DatabaseManager.php(95): Illuminate\\Database\\DatabaseManager->makeConnection('mercadonegro')
#2 C:\\Users\\iaguc\\Desktop\\TopicosEmProgramação\\mercadoNegro-API\\vendor\\illuminate\\database\\Eloquent\\Model.php(1653): Illuminate\\Database\\DatabaseManager->connection('mercadonegro')
#3 C:\\Users\\iaguc\\Desktop\\TopicosEmProgramação\\mercadoNegro-API\\vendor\\illuminate\\database\\Eloquent\\Model.php(1619): Illuminate\\Database\\Eloquent\\Model::resolveConnection(NULL)
#4 C:\\Users\\iaguc\\Desktop\\TopicosEmProgramação\\mercadoNegro-API\\vendor\\illuminate\\database\\Eloquent\\Model.php(1425): Illuminate\\Database\\Eloquent\\Model->getConnection()
#5 C:\\Users\\iaguc\\Desktop\\TopicosEmProgramação\\mercadoNegro-API\\vendor\\illuminate\\database\\Eloquent\\Model.php(1342): Illuminate\\Database\\Eloquent\\Model->newBaseQueryBuilder()
#6 C:\\Users\\iaguc\\Desktop\\TopicosEmProgramação\\mercadoNegro-API\\vendor\\illuminate\\database\\Eloquent\\Model.php(1378): Illuminate\\Database\\Eloquent\\Model->newModelQuery()
#7 C:\\Users\\iaguc\\Desktop\\TopicosEmProgramação\\mercadoNegro-API\\vendor\\illuminate\\database\\Eloquent\\Model.php(1331): Illuminate\\Database\\Eloquent\\Model->newQueryWithoutScopes()
#8 C:\\Users\\iaguc\\Desktop\\TopicosEmProgramação\\mercadoNegro-API\\vendor\\illuminate\\database\\Eloquent\\Model.php(1321): Illuminate\\Database\\Eloquent\\Model->newQuery()
#9 C:\\Users\\iaguc\\Desktop\\TopicosEmProgramação\\mercadoNegro-API\\vendor\\illuminate\\database\\Eloquent\\Model.php(567): Illuminate\\Database\\Eloquent\\Model::query()
#10 C:\\Users\\iaguc\\Desktop\\TopicosEmProgramação\\mercadoNegro-API\\app\\Http\\Controllers\\PocoesController.php(23): Illuminate\\Database\\Eloquent\\Model::all()
#11 C:\\Users\\iaguc\\Desktop\\TopicosEmProgramação\\mercadoNegro-API\\vendor\\illuminate\\container\\BoundMethod.php(36): App\\Http\\Controllers\\PocoesController->index()
#12 C:\\Users\\iaguc\\Desktop\\TopicosEmProgramação\\mercadoNegro-API\\vendor\\illuminate\\container\\Util.php(40): Illuminate\\Container\\BoundMethod::Illuminate\\Container\\{closure}()
#13 C:\\Users\\iaguc\\Desktop\\TopicosEmProgramação\\mercadoNegro-API\\vendor\\illuminate\\container\\BoundMethod.php(93): Illuminate\\Container\\Util::unwrapIfClosure(Object(Closure))
#14 C:\\Users\\iaguc\\Desktop\\TopicosEmProgramação\\mercadoNegro-API\\vendor\\illuminate\\container\\BoundMethod.php(37): Illuminate\\Container\\BoundMethod::callBoundMethod(Object(Laravel\\Lumen\\Application), Array, Object(Closure))
#15 C:\\Users\\iaguc\\Desktop\\TopicosEmProgramação\\mercadoNegro-API\\vendor\\illuminate\\container\\Container.php(653): Illuminate\\Container\\BoundMethod::call(Object(Laravel\\Lumen\\Application), Array, Array, NULL)
#16 C:\\Users\\iaguc\\Desktop\\TopicosEmProgramação\\mercadoNegro-API\\vendor\\laravel\\lumen-framework\\src\\Concerns\\RoutesRequests.php(389): Illuminate\\Container\\Container->call(Array, Array)
#17 C:\\Users\\iaguc\\Desktop\\TopicosEmProgramação\\mercadoNegro-API\\vendor\\laravel\\lumen-framework\\src\\Concerns\\RoutesRequests.php(355): Laravel\\Lumen\\Application->callControllerCallable(Array, Array)
#18 C:\\Users\\iaguc\\Desktop\\TopicosEmProgramação\\mercadoNegro-API\\vendor\\laravel\\lumen-framework\\src\\Concerns\\RoutesRequests.php(329): Laravel\\Lumen\\Application->callLumenController(Object(App\\Http\\Controllers\\PocoesController), 'index', Array)
#19 C:\\Users\\iaguc\\Desktop\\TopicosEmProgramação\\mercadoNegro-API\\vendor\\laravel\\lumen-framework\\src\\Concerns\\RoutesRequests.php(282): Laravel\\Lumen\\Application->callControllerAction(Array)
#20 C:\\Users\\iaguc\\Desktop\\TopicosEmProgramação\\mercadoNegro-API\\vendor\\laravel\\lumen-framework\\src\\Concerns\\RoutesRequests.php(267): Laravel\\Lumen\\Application->callActionOnArrayBasedRoute(Array)
#21 C:\\Users\\iaguc\\Desktop\\TopicosEmProgramação\\mercadoNegro-API\\vendor\\laravel\\lumen-framework\\src\\Concerns\\RoutesRequests.php(169): Laravel\\Lumen\\Application->handleFoundRoute(Array)
#22 C:\\Users\\iaguc\\Desktop\\TopicosEmProgramação\\mercadoNegro-API\\vendor\\laravel\\lumen-framework\\src\\Concerns\\RoutesRequests.php(429): Laravel\\Lumen\\Application->Laravel\\Lumen\\Concerns\\{closure}(Object(Laravel\\Lumen\\Http\\Request))
#23 C:\\Users\\iaguc\\Desktop\\TopicosEmProgramação\\mercadoNegro-API\\vendor\\laravel\\lumen-framework\\src\\Concerns\\RoutesRequests.php(175): Laravel\\Lumen\\Application->sendThroughPipeline(Array, Object(Closure))
#24 C:\\Users\\iaguc\\Desktop\\TopicosEmProgramação\\mercadoNegro-API\\vendor\\laravel\\lumen-framework\\src\\Concerns\\RoutesRequests.php(112): Laravel\\Lumen\\Application->dispatch(NULL)
#25 C:\\Users\\iaguc\\Desktop\\TopicosEmProgramação\\mercadoNegro-API\\public\\index.php(28): Laravel\\Lumen\\Application->run()
#26 {main}
"} 
[2022-11-23 00:41:59] local.ERROR: SQLSTATE[HY000] [1045] Access denied for user 'root'@'localhost' (using password: YES) (SQL: select * from `pocoes`) {"exception":"[object] (Illuminate\\Database\\QueryException(code: 1045): SQLSTATE[HY000] [1045] Access denied for user 'root'@'localhost' (using password: YES) (SQL: select * from `pocoes`) at C:\\Users\\iaguc\\Desktop\\TopicosEmProgramação\\mercadoNegro-API\\vendor\\illuminate\\database\\Connection.php:712)
[stacktrace]
#0 C:\\Users\\iaguc\\Desktop\\TopicosEmProgramação\\mercadoNegro-API\\vendor\\illuminate\\database\\Connection.php(672): Illuminate\\Database\\Connection->runQueryCallback('select * from `...', Array, Object(Closure))
#1 C:\\Users\\iaguc\\Desktop\\TopicosEmProgramação\\mercadoNegro-API\\vendor\\illuminate\\database\\Connection.php(376): Illuminate\\Database\\Connection->run('select * from `...', Array, Object(Closure))
#2 C:\\Users\\iaguc\\Desktop\\TopicosEmProgramação\\mercadoNegro-API\\vendor\\illuminate\\database\\Query\\Builder.php(2414): Illuminate\\Database\\Connection->select('select * from `...', Array, true)
#3 C:\\Users\\iaguc\\Desktop\\TopicosEmProgramação\\mercadoNegro-API\\vendor\\illuminate\\database\\Query\\Builder.php(2402): Illuminate\\Database\\Query\\Builder->runSelect()
#4 C:\\Users\\iaguc\\Desktop\\TopicosEmProgramação\\mercadoNegro-API\\vendor\\illuminate\\database\\Query\\Builder.php(2936): Illuminate\\Database\\Query\\Builder->Illuminate\\Database\\Query\\{closure}()
#5 C:\\Users\\iaguc\\Desktop\\TopicosEmProgramação\\mercadoNegro-API\\vendor\\illuminate\\database\\Query\\Builder.php(2403): Illuminate\\Database\\Query\\Builder->onceWithColumns(Array, Object(Closure))
#6 C:\\Users\\iaguc\\Desktop\\TopicosEmProgramação\\mercadoNegro-API\\vendor\\illuminate\\database\\Eloquent\\Builder.php(625): Illuminate\\Database\\Query\\Builder->get(Array)
#7 C:\\Users\\iaguc\\Desktop\\TopicosEmProgramação\\mercadoNegro-API\\vendor\\illuminate\\database\\Eloquent\\Builder.php(609): Illuminate\\Database\\Eloquent\\Builder->getModels(Array)
#8 C:\\Users\\iaguc\\Desktop\\TopicosEmProgramação\\mercadoNegro-API\\vendor\\illuminate\\database\\Eloquent\\Model.php(568): Illuminate\\Database\\Eloquent\\Builder->get(Array)
#9 C:\\Users\\iaguc\\Desktop\\TopicosEmProgramação\\mercadoNegro-API\\app\\Http\\Controllers\\PocoesController.php(23): Illuminate\\Database\\Eloquent\\Model::all()
#10 C:\\Users\\iaguc\\Desktop\\TopicosEmProgramação\\mercadoNegro-API\\vendor\\illuminate\\container\\BoundMethod.php(36): App\\Http\\Controllers\\PocoesController->index()
#11 C:\\Users\\iaguc\\Desktop\\TopicosEmProgramação\\mercadoNegro-API\\vendor\\illuminate\\container\\Util.php(40): Illuminate\\Container\\BoundMethod::Illuminate\\Container\\{closure}()
#12 C:\\Users\\iaguc\\Desktop\\TopicosEmProgramação\\mercadoNegro-API\\vendor\\illuminate\\container\\BoundMethod.php(93): Illuminate\\Container\\Util::unwrapIfClosure(Object(Closure))
#13 C:\\Users\\iaguc\\Desktop\\TopicosEmProgramação\\mercadoNegro-API\\vendor\\illuminate\\container\\BoundMethod.php(37): Illuminate\\Container\\BoundMethod::callBoundMethod(Object(Laravel\\Lumen\\Application), Array, Object(Closure))
#14 C:\\Users\\iaguc\\Desktop\\TopicosEmProgramação\\mercadoNegro-API\\vendor\\illuminate\\container\\Container.php(653): Illuminate\\Container\\BoundMethod::call(Object(Laravel\\Lumen\\Application), Array, Array, NULL)
#15 C:\\Users\\iaguc\\Desktop\\TopicosEmProgramação\\mercadoNegro-API\\vendor\\laravel\\lumen-framework\\src\\Concerns\\RoutesRequests.php(389): Illuminate\\Container\\Container->call(Array, Array)
#16 C:\\Users\\iaguc\\Desktop\\TopicosEmProgramação\\mercadoNegro-API\\vendor\\laravel\\lumen-framework\\src\\Concerns\\RoutesRequests.php(355): Laravel\\Lumen\\Application->callControllerCallable(Array, Array)
#17 C:\\Users\\iaguc\\Desktop\\TopicosEmProgramação\\mercadoNegro-API\\vendor\\laravel\\lumen-framework\\src\\Concerns\\RoutesRequests.php(329): Laravel\\Lumen\\Application->callLumenController(Object(App\\Http\\Controllers\\PocoesController), 'index', Array)
#18 C:\\Users\\iaguc\\Desktop\\TopicosEmProgramação\\mercadoNegro-API\\vendor\\laravel\\lumen-framework\\src\\Concerns\\RoutesRequests.php(282): Laravel\\Lumen\\Application->callControllerAction(Array)
#19 C:\\Users\\iaguc\\Desktop\\TopicosEmProgramação\\mercadoNegro-API\\vendor\\laravel\\lumen-framework\\src\\Concerns\\RoutesRequests.php(267): Laravel\\Lumen\\Application->callActionOnArrayBasedRoute(Array)
#20 C:\\Users\\iaguc\\Desktop\\TopicosEmProgramação\\mercadoNegro-API\\vendor\\laravel\\lumen-framework\\src\\Concerns\\RoutesRequests.php(169): Laravel\\Lumen\\Application->handleFoundRoute(Array)
#21 C:\\Users\\iaguc\\Desktop\\TopicosEmProgramação\\mercadoNegro-API\\vendor\\laravel\\lumen-framework\\src\\Concerns\\RoutesRequests.php(429): Laravel\\Lumen\\Application->Laravel\\Lumen\\Concerns\\{closure}(Object(Laravel\\Lumen\\Http\\Request))
#22 C:\\Users\\iaguc\\Desktop\\TopicosEmProgramação\\mercadoNegro-API\\vendor\\laravel\\lumen-framework\\src\\Concerns\\RoutesRequests.php(175): Laravel\\Lumen\\Application->sendThroughPipeline(Array, Object(Closure))
#23 C:\\Users\\iaguc\\Desktop\\TopicosEmProgramação\\mercadoNegro-API\\vendor\\laravel\\lumen-framework\\src\\Concerns\\RoutesRequests.php(112): Laravel\\Lumen\\Application->dispatch(NULL)
#24 C:\\Users\\iaguc\\Desktop\\TopicosEmProgramação\\mercadoNegro-API\\public\\index.php(28): Laravel\\Lumen\\Application->run()
#25 {main}

[previous exception] [object] (PDOException(code: 1045): SQLSTATE[HY000] [1045] Access denied for user 'root'@'localhost' (using password: YES) at C:\\Users\\iaguc\\Desktop\\TopicosEmProgramação\\mercadoNegro-API\\vendor\\illuminate\\database\\Connectors\\Connector.php:70)
[stacktrace]
#0 C:\\Users\\iaguc\\Desktop\\TopicosEmProgramação\\mercadoNegro-API\\vendor\\illuminate\\database\\Connectors\\Connector.php(70): PDO->__construct('mysql:host=127....', 'root', '1234', Array)
#1 C:\\Users\\iaguc\\Desktop\\TopicosEmProgramação\\mercadoNegro-API\\vendor\\illuminate\\database\\Connectors\\Connector.php(46): Illuminate\\Database\\Connectors\\Connector->createPdoConnection('mysql:host=127....', 'root', '1234', Array)
#2 C:\\Users\\iaguc\\Desktop\\TopicosEmProgramação\\mercadoNegro-API\\vendor\\illuminate\\database\\Connectors\\MySqlConnector.php(24): Illuminate\\Database\\Connectors\\Connector->createConnection('mysql:host=127....', Array, Array)
#3 C:\\Users\\iaguc\\Desktop\\TopicosEmProgramação\\mercadoNegro-API\\vendor\\illuminate\\database\\Connectors\\ConnectionFactory.php(184): Illuminate\\Database\\Connectors\\MySqlConnector->connect(Array)
#4 [internal function]: Illuminate\\Database\\Connectors\\ConnectionFactory->Illuminate\\Database\\Connectors\\{closure}()
#5 C:\\Users\\iaguc\\Desktop\\TopicosEmProgramação\\mercadoNegro-API\\vendor\\illuminate\\database\\Connection.php(1064): call_user_func(Object(Closure))
#6 C:\\Users\\iaguc\\Desktop\\TopicosEmProgramação\\mercadoNegro-API\\vendor\\illuminate\\database\\Connection.php(1100): Illuminate\\Database\\Connection->getPdo()
#7 C:\\Users\\iaguc\\Desktop\\TopicosEmProgramação\\mercadoNegro-API\\vendor\\illuminate\\database\\Connection.php(442): Illuminate\\Database\\Connection->getReadPdo()
#8 C:\\Users\\iaguc\\Desktop\\TopicosEmProgramação\\mercadoNegro-API\\vendor\\illuminate\\database\\Connection.php(368): Illuminate\\Database\\Connection->getPdoForSelect(true)
#9 C:\\Users\\iaguc\\Desktop\\TopicosEmProgramação\\mercadoNegro-API\\vendor\\illuminate\\database\\Connection.php(705): Illuminate\\Database\\Connection->Illuminate\\Database\\{closure}('select * from `...', Array)
#10 C:\\Users\\iaguc\\Desktop\\TopicosEmProgramação\\mercadoNegro-API\\vendor\\illuminate\\database\\Connection.php(672): Illuminate\\Database\\Connection->runQueryCallback('select * from `...', Array, Object(Closure))
#11 C:\\Users\\iaguc\\Desktop\\TopicosEmProgramação\\mercadoNegro-API\\vendor\\illuminate\\database\\Connection.php(376): Illuminate\\Database\\Connection->run('select * from `...', Array, Object(Closure))
#12 C:\\Users\\iaguc\\Desktop\\TopicosEmProgramação\\mercadoNegro-API\\vendor\\illuminate\\database\\Query\\Builder.php(2414): Illuminate\\Database\\Connection->select('select * from `...', Array, true)
#13 C:\\Users\\iaguc\\Desktop\\TopicosEmProgramação\\mercadoNegro-API\\vendor\\illuminate\\database\\Query\\Builder.php(2402): Illuminate\\Database\\Query\\Builder->runSelect()
#14 C:\\Users\\iaguc\\Desktop\\TopicosEmProgramação\\mercadoNegro-API\\vendor\\illuminate\\database\\Query\\Builder.php(2936): Illuminate\\Database\\Query\\Builder->Illuminate\\Database\\Query\\{closure}()
#15 C:\\Users\\iaguc\\Desktop\\TopicosEmProgramação\\mercadoNegro-API\\vendor\\illuminate\\database\\Query\\Builder.php(2403): Illuminate\\Database\\Query\\Builder->onceWithColumns(Array, Object(Closure))
#16 C:\\Users\\iaguc\\Desktop\\TopicosEmProgramação\\mercadoNegro-API\\vendor\\illuminate\\database\\Eloquent\\Builder.php(625): Illuminate\\Database\\Query\\Builder->get(Array)
#17 C:\\Users\\iaguc\\Desktop\\TopicosEmProgramação\\mercadoNegro-API\\vendor\\illuminate\\database\\Eloquent\\Builder.php(609): Illuminate\\Database\\Eloquent\\Builder->getModels(Array)
#18 C:\\Users\\iaguc\\Desktop\\TopicosEmProgramação\\mercadoNegro-API\\vendor\\illuminate\\database\\Eloquent\\Model.php(568): Illuminate\\Database\\Eloquent\\Builder->get(Array)
#19 C:\\Users\\iaguc\\Desktop\\TopicosEmProgramação\\mercadoNegro-API\\app\\Http\\Controllers\\PocoesController.php(23): Illuminate\\Database\\Eloquent\\Model::all()
#20 C:\\Users\\iaguc\\Desktop\\TopicosEmProgramação\\mercadoNegro-API\\vendor\\illuminate\\container\\BoundMethod.php(36): App\\Http\\Controllers\\PocoesController->index()
#21 C:\\Users\\iaguc\\Desktop\\TopicosEmProgramação\\mercadoNegro-API\\vendor\\illuminate\\container\\Util.php(40): Illuminate\\Container\\BoundMethod::Illuminate\\Container\\{closure}()
#22 C:\\Users\\iaguc\\Desktop\\TopicosEmProgramação\\mercadoNegro-API\\vendor\\illuminate\\container\\BoundMethod.php(93): Illuminate\\Container\\Util::unwrapIfClosure(Object(Closure))
#23 C:\\Users\\iaguc\\Desktop\\TopicosEmProgramação\\mercadoNegro-API\\vendor\\illuminate\\container\\BoundMethod.php(37): Illuminate\\Container\\BoundMethod::callBoundMethod(Object(Laravel\\Lumen\\Application), Array, Object(Closure))
#24 C:\\Users\\iaguc\\Desktop\\TopicosEmProgramação\\mercadoNegro-API\\vendor\\illuminate\\container\\Container.php(653): Illuminate\\Container\\BoundMethod::call(Object(Laravel\\Lumen\\Application), Array, Array, NULL)
#25 C:\\Users\\iaguc\\Desktop\\TopicosEmProgramação\\mercadoNegro-API\\vendor\\laravel\\lumen-framework\\src\\Concerns\\RoutesRequests.php(389): Illuminate\\Container\\Container->call(Array, Array)
#26 C:\\Users\\iaguc\\Desktop\\TopicosEmProgramação\\mercadoNegro-API\\vendor\\laravel\\lumen-framework\\src\\Concerns\\RoutesRequests.php(355): Laravel\\Lumen\\Application->callControllerCallable(Array, Array)
#27 C:\\Users\\iaguc\\Desktop\\TopicosEmProgramação\\mercadoNegro-API\\vendor\\laravel\\lumen-framework\\src\\Concerns\\RoutesRequests.php(329): Laravel\\Lumen\\Application->callLumenController(Object(App\\Http\\Controllers\\PocoesController), 'index', Array)
#28 C:\\Users\\iaguc\\Desktop\\TopicosEmProgramação\\mercadoNegro-API\\vendor\\laravel\\lumen-framework\\src\\Concerns\\RoutesRequests.php(282): Laravel\\Lumen\\Application->callControllerAction(Array)
#29 C:\\Users\\iaguc\\Desktop\\TopicosEmProgramação\\mercadoNegro-API\\vendor\\laravel\\lumen-framework\\src\\Concerns\\RoutesRequests.php(267): Laravel\\Lumen\\Application->callActionOnArrayBasedRoute(Array)
#30 C:\\Users\\iaguc\\Desktop\\TopicosEmProgramação\\mercadoNegro-API\\vendor\\laravel\\lumen-framework\\src\\Concerns\\RoutesRequests.php(169): Laravel\\Lumen\\Application->handleFoundRoute(Array)
#31 C:\\Users\\iaguc\\Desktop\\TopicosEmProgramação\\mercadoNegro-API\\vendor\\laravel\\lumen-framework\\src\\Concerns\\RoutesRequests.php(429): Laravel\\Lumen\\Application->Laravel\\Lumen\\Concerns\\{closure}(Object(Laravel\\Lumen\\Http\\Request))
#32 C:\\Users\\iaguc\\Desktop\\TopicosEmProgramação\\mercadoNegro-API\\vendor\\laravel\\lumen-framework\\src\\Concerns\\RoutesRequests.php(175): Laravel\\Lumen\\Application->sendThroughPipeline(Array, Object(Closure))
#33 C:\\Users\\iaguc\\Desktop\\TopicosEmProgramação\\mercadoNegro-API\\vendor\\laravel\\lumen-framework\\src\\Concerns\\RoutesRequests.php(112): Laravel\\Lumen\\Application->dispatch(NULL)
#34 C:\\Users\\iaguc\\Desktop\\TopicosEmProgramação\\mercadoNegro-API\\public\\index.php(28): Laravel\\Lumen\\Application->run()
#35 {main}
"} 
[2022-11-23 00:46:51] local.ERROR: Undefined variable $id {"exception":"[object] (ErrorException(code: 0): Undefined variable $id at C:\\Users\\iaguc\\Desktop\\TopicosEmProgramação\\mercadoNegro-API\\app\\Http\\Controllers\\PocoesController.php:46)
[stacktrace]
#0 C:\\Users\\iaguc\\Desktop\\TopicosEmProgramação\\mercadoNegro-API\\vendor\\laravel\\lumen-framework\\src\\Concerns\\RegistersExceptionHandlers.php(47): Laravel\\Lumen\\Application->handleError(2, 'Undefined varia...', 'C:\\\\Users\\\\iaguc\\\\...', 46)
#1 C:\\Users\\iaguc\\Desktop\\TopicosEmProgramação\\mercadoNegro-API\\app\\Http\\Controllers\\PocoesController.php(46): Laravel\\Lumen\\Application->Laravel\\Lumen\\Concerns\\{closure}(2, 'Undefined varia...', 'C:\\\\Users\\\\iaguc\\\\...', 46)
#2 C:\\Users\\iaguc\\Desktop\\TopicosEmProgramação\\mercadoNegro-API\\vendor\\illuminate\\container\\BoundMethod.php(36): App\\Http\\Controllers\\PocoesController->store(Object(Laravel\\Lumen\\Http\\Request), '1')
#3 C:\\Users\\iaguc\\Desktop\\TopicosEmProgramação\\mercadoNegro-API\\vendor\\illuminate\\container\\Util.php(40): Illuminate\\Container\\BoundMethod::Illuminate\\Container\\{closure}()
#4 C:\\Users\\iaguc\\Desktop\\TopicosEmProgramação\\mercadoNegro-API\\vendor\\illuminate\\container\\BoundMethod.php(93): Illuminate\\Container\\Util::unwrapIfClosure(Object(Closure))
#5 C:\\Users\\iaguc\\Desktop\\TopicosEmProgramação\\mercadoNegro-API\\vendor\\illuminate\\container\\BoundMethod.php(37): Illuminate\\Container\\BoundMethod::callBoundMethod(Object(Laravel\\Lumen\\Application), Array, Object(Closure))
#6 C:\\Users\\iaguc\\Desktop\\TopicosEmProgramação\\mercadoNegro-API\\vendor\\illuminate\\container\\Container.php(653): Illuminate\\Container\\BoundMethod::call(Object(Laravel\\Lumen\\Application), Array, Array, NULL)
#7 C:\\Users\\iaguc\\Desktop\\TopicosEmProgramação\\mercadoNegro-API\\vendor\\laravel\\lumen-framework\\src\\Concerns\\RoutesRequests.php(389): Illuminate\\Container\\Container->call(Array, Array)
#8 C:\\Users\\iaguc\\Desktop\\TopicosEmProgramação\\mercadoNegro-API\\vendor\\laravel\\lumen-framework\\src\\Concerns\\RoutesRequests.php(355): Laravel\\Lumen\\Application->callControllerCallable(Array, Array)
#9 C:\\Users\\iaguc\\Desktop\\TopicosEmProgramação\\mercadoNegro-API\\vendor\\laravel\\lumen-framework\\src\\Concerns\\RoutesRequests.php(329): Laravel\\Lumen\\Application->callLumenController(Object(App\\Http\\Controllers\\PocoesController), 'store', Array)
#10 C:\\Users\\iaguc\\Desktop\\TopicosEmProgramação\\mercadoNegro-API\\vendor\\laravel\\lumen-framework\\src\\Concerns\\RoutesRequests.php(282): Laravel\\Lumen\\Application->callControllerAction(Array)
#11 C:\\Users\\iaguc\\Desktop\\TopicosEmProgramação\\mercadoNegro-API\\vendor\\laravel\\lumen-framework\\src\\Concerns\\RoutesRequests.php(267): Laravel\\Lumen\\Application->callActionOnArrayBasedRoute(Array)
#12 C:\\Users\\iaguc\\Desktop\\TopicosEmProgramação\\mercadoNegro-API\\vendor\\laravel\\lumen-framework\\src\\Concerns\\RoutesRequests.php(237): Laravel\\Lumen\\Application->handleFoundRoute(Array)
#13 C:\\Users\\iaguc\\Desktop\\TopicosEmProgramação\\mercadoNegro-API\\vendor\\laravel\\lumen-framework\\src\\Concerns\\RoutesRequests.php(173): Laravel\\Lumen\\Application->handleDispatcherResponse(Array)
#14 C:\\Users\\iaguc\\Desktop\\TopicosEmProgramação\\mercadoNegro-API\\vendor\\laravel\\lumen-framework\\src\\Concerns\\RoutesRequests.php(429): Laravel\\Lumen\\Application->Laravel\\Lumen\\Concerns\\{closure}(Object(Laravel\\Lumen\\Http\\Request))
#15 C:\\Users\\iaguc\\Desktop\\TopicosEmProgramação\\mercadoNegro-API\\vendor\\laravel\\lumen-framework\\src\\Concerns\\RoutesRequests.php(175): Laravel\\Lumen\\Application->sendThroughPipeline(Array, Object(Closure))
#16 C:\\Users\\iaguc\\Desktop\\TopicosEmProgramação\\mercadoNegro-API\\vendor\\laravel\\lumen-framework\\src\\Concerns\\RoutesRequests.php(112): Laravel\\Lumen\\Application->dispatch(NULL)
#17 C:\\Users\\iaguc\\Desktop\\TopicosEmProgramação\\mercadoNegro-API\\public\\index.php(28): Laravel\\Lumen\\Application->run()
#18 {main}
"} 
[2022-11-23 11:18:22] local.ERROR: Class "App\Http\Controllers\Jogador" not found {"exception":"[object] (Error(code: 0): Class \"App\\Http\\Controllers\\Jogador\" not found at C:\\Users\\iaguc\\Desktop\\TopicosEmProgramação\\mercadoNegro-API\\app\\Http\\Controllers\\PocoesController.php:38)
[stacktrace]
#0 C:\\Users\\iaguc\\Desktop\\TopicosEmProgramação\\mercadoNegro-API\\vendor\\illuminate\\container\\BoundMethod.php(36): App\\Http\\Controllers\\PocoesController->store(Object(Laravel\\Lumen\\Http\\Request))
#1 C:\\Users\\iaguc\\Desktop\\TopicosEmProgramação\\mercadoNegro-API\\vendor\\illuminate\\container\\Util.php(40): Illuminate\\Container\\BoundMethod::Illuminate\\Container\\{closure}()
#2 C:\\Users\\iaguc\\Desktop\\TopicosEmProgramação\\mercadoNegro-API\\vendor\\illuminate\\container\\BoundMethod.php(93): Illuminate\\Container\\Util::unwrapIfClosure(Object(Closure))
#3 C:\\Users\\iaguc\\Desktop\\TopicosEmProgramação\\mercadoNegro-API\\vendor\\illuminate\\container\\BoundMethod.php(37): Illuminate\\Container\\BoundMethod::callBoundMethod(Object(Laravel\\Lumen\\Application), Array, Object(Closure))
#4 C:\\Users\\iaguc\\Desktop\\TopicosEmProgramação\\mercadoNegro-API\\vendor\\illuminate\\container\\Container.php(653): Illuminate\\Container\\BoundMethod::call(Object(Laravel\\Lumen\\Application), Array, Array, NULL)
#5 C:\\Users\\iaguc\\Desktop\\TopicosEmProgramação\\mercadoNegro-API\\vendor\\laravel\\lumen-framework\\src\\Concerns\\RoutesRequests.php(389): Illuminate\\Container\\Container->call(Array, Array)
#6 C:\\Users\\iaguc\\Desktop\\TopicosEmProgramação\\mercadoNegro-API\\vendor\\laravel\\lumen-framework\\src\\Concerns\\RoutesRequests.php(355): Laravel\\Lumen\\Application->callControllerCallable(Array, Array)
#7 C:\\Users\\iaguc\\Desktop\\TopicosEmProgramação\\mercadoNegro-API\\vendor\\laravel\\lumen-framework\\src\\Concerns\\RoutesRequests.php(329): Laravel\\Lumen\\Application->callLumenController(Object(App\\Http\\Controllers\\PocoesController), 'store', Array)
#8 C:\\Users\\iaguc\\Desktop\\TopicosEmProgramação\\mercadoNegro-API\\vendor\\laravel\\lumen-framework\\src\\Concerns\\RoutesRequests.php(282): Laravel\\Lumen\\Application->callControllerAction(Array)
#9 C:\\Users\\iaguc\\Desktop\\TopicosEmProgramação\\mercadoNegro-API\\vendor\\laravel\\lumen-framework\\src\\Concerns\\RoutesRequests.php(267): Laravel\\Lumen\\Application->callActionOnArrayBasedRoute(Array)
#10 C:\\Users\\iaguc\\Desktop\\TopicosEmProgramação\\mercadoNegro-API\\vendor\\laravel\\lumen-framework\\src\\Concerns\\RoutesRequests.php(169): Laravel\\Lumen\\Application->handleFoundRoute(Array)
#11 C:\\Users\\iaguc\\Desktop\\TopicosEmProgramação\\mercadoNegro-API\\vendor\\laravel\\lumen-framework\\src\\Concerns\\RoutesRequests.php(429): Laravel\\Lumen\\Application->Laravel\\Lumen\\Concerns\\{closure}(Object(Laravel\\Lumen\\Http\\Request))
#12 C:\\Users\\iaguc\\Desktop\\TopicosEmProgramação\\mercadoNegro-API\\vendor\\laravel\\lumen-framework\\src\\Concerns\\RoutesRequests.php(175): Laravel\\Lumen\\Application->sendThroughPipeline(Array, Object(Closure))
#13 C:\\Users\\iaguc\\Desktop\\TopicosEmProgramação\\mercadoNegro-API\\vendor\\laravel\\lumen-framework\\src\\Concerns\\RoutesRequests.php(112): Laravel\\Lumen\\Application->dispatch(NULL)
#14 C:\\Users\\iaguc\\Desktop\\TopicosEmProgramação\\mercadoNegro-API\\public\\index.php(28): Laravel\\Lumen\\Application->run()
#15 {main}
"} 
[2022-11-23 11:19:12] local.ERROR: Class "App\Models\Validator" not found {"exception":"[object] (Error(code: 0): Class \"App\\Models\\Validator\" not found at C:\\Users\\iaguc\\Desktop\\TopicosEmProgramação\\mercadoNegro-API\\app\\Models\\Pocoes.php:28)
[stacktrace]
#0 C:\\Users\\iaguc\\Desktop\\TopicosEmProgramação\\mercadoNegro-API\\app\\Http\\Controllers\\PocoesController.php(38): App\\Models\\Pocoes::validacao(Array)
#1 C:\\Users\\iaguc\\Desktop\\TopicosEmProgramação\\mercadoNegro-API\\vendor\\illuminate\\container\\BoundMethod.php(36): App\\Http\\Controllers\\PocoesController->store(Object(Laravel\\Lumen\\Http\\Request))
#2 C:\\Users\\iaguc\\Desktop\\TopicosEmProgramação\\mercadoNegro-API\\vendor\\illuminate\\container\\Util.php(40): Illuminate\\Container\\BoundMethod::Illuminate\\Container\\{closure}()
#3 C:\\Users\\iaguc\\Desktop\\TopicosEmProgramação\\mercadoNegro-API\\vendor\\illuminate\\container\\BoundMethod.php(93): Illuminate\\Container\\Util::unwrapIfClosure(Object(Closure))
#4 C:\\Users\\iaguc\\Desktop\\TopicosEmProgramação\\mercadoNegro-API\\vendor\\illuminate\\container\\BoundMethod.php(37): Illuminate\\Container\\BoundMethod::callBoundMethod(Object(Laravel\\Lumen\\Application), Array, Object(Closure))
#5 C:\\Users\\iaguc\\Desktop\\TopicosEmProgramação\\mercadoNegro-API\\vendor\\illuminate\\container\\Container.php(653): Illuminate\\Container\\BoundMethod::call(Object(Laravel\\Lumen\\Application), Array, Array, NULL)
#6 C:\\Users\\iaguc\\Desktop\\TopicosEmProgramação\\mercadoNegro-API\\vendor\\laravel\\lumen-framework\\src\\Concerns\\RoutesRequests.php(389): Illuminate\\Container\\Container->call(Array, Array)
#7 C:\\Users\\iaguc\\Desktop\\TopicosEmProgramação\\mercadoNegro-API\\vendor\\laravel\\lumen-framework\\src\\Concerns\\RoutesRequests.php(355): Laravel\\Lumen\\Application->callControllerCallable(Array, Array)
#8 C:\\Users\\iaguc\\Desktop\\TopicosEmProgramação\\mercadoNegro-API\\vendor\\laravel\\lumen-framework\\src\\Concerns\\RoutesRequests.php(329): Laravel\\Lumen\\Application->callLumenController(Object(App\\Http\\Controllers\\PocoesController), 'store', Array)
#9 C:\\Users\\iaguc\\Desktop\\TopicosEmProgramação\\mercadoNegro-API\\vendor\\laravel\\lumen-framework\\src\\Concerns\\RoutesRequests.php(282): Laravel\\Lumen\\Application->callControllerAction(Array)
#10 C:\\Users\\iaguc\\Desktop\\TopicosEmProgramação\\mercadoNegro-API\\vendor\\laravel\\lumen-framework\\src\\Concerns\\RoutesRequests.php(267): Laravel\\Lumen\\Application->callActionOnArrayBasedRoute(Array)
#11 C:\\Users\\iaguc\\Desktop\\TopicosEmProgramação\\mercadoNegro-API\\vendor\\laravel\\lumen-framework\\src\\Concerns\\RoutesRequests.php(169): Laravel\\Lumen\\Application->handleFoundRoute(Array)
#12 C:\\Users\\iaguc\\Desktop\\TopicosEmProgramação\\mercadoNegro-API\\vendor\\laravel\\lumen-framework\\src\\Concerns\\RoutesRequests.php(429): Laravel\\Lumen\\Application->Laravel\\Lumen\\Concerns\\{closure}(Object(Laravel\\Lumen\\Http\\Request))
#13 C:\\Users\\iaguc\\Desktop\\TopicosEmProgramação\\mercadoNegro-API\\vendor\\laravel\\lumen-framework\\src\\Concerns\\RoutesRequests.php(175): Laravel\\Lumen\\Application->sendThroughPipeline(Array, Object(Closure))
#14 C:\\Users\\iaguc\\Desktop\\TopicosEmProgramação\\mercadoNegro-API\\vendor\\laravel\\lumen-framework\\src\\Concerns\\RoutesRequests.php(112): Laravel\\Lumen\\Application->dispatch(NULL)
#15 C:\\Users\\iaguc\\Desktop\\TopicosEmProgramação\\mercadoNegro-API\\public\\index.php(28): Laravel\\Lumen\\Application->run()
#16 {main}
"} 
[2022-11-23 11:40:41] local.ERROR: SQLSTATE[22001]: String data, right truncated: 1406 Data too long for column 'email' at row 1 (SQL: insert into `usuario_api` (`email`, `senha`, `token`, `updated_at`, `created_at`) values (iagucsantos@gmail.com, 1234, $2y$10$nYpQYI0f8FOB2M/13u9kYODzq3.XKwA42O02tnpGXYBnpGqSD3ULW, 2022-11-23 11:40:41, 2022-11-23 11:40:41)) {"exception":"[object] (Illuminate\\Database\\QueryException(code: 22001): SQLSTATE[22001]: String data, right truncated: 1406 Data too long for column 'email' at row 1 (SQL: insert into `usuario_api` (`email`, `senha`, `token`, `updated_at`, `created_at`) values (iagucsantos@gmail.com, 1234, $2y$10$nYpQYI0f8FOB2M/13u9kYODzq3.XKwA42O02tnpGXYBnpGqSD3ULW, 2022-11-23 11:40:41, 2022-11-23 11:40:41)) at C:\\Users\\iaguc\\Desktop\\TopicosEmProgramação\\mercadoNegro-API\\vendor\\illuminate\\database\\Connection.php:712)
[stacktrace]
#0 C:\\Users\\iaguc\\Desktop\\TopicosEmProgramação\\mercadoNegro-API\\vendor\\illuminate\\database\\Connection.php(672): Illuminate\\Database\\Connection->runQueryCallback('insert into `us...', Array, Object(Closure))
#1 C:\\Users\\iaguc\\Desktop\\TopicosEmProgramação\\mercadoNegro-API\\vendor\\illuminate\\database\\Connection.php(502): Illuminate\\Database\\Connection->run('insert into `us...', Array, Object(Closure))
#2 C:\\Users\\iaguc\\Desktop\\TopicosEmProgramação\\mercadoNegro-API\\vendor\\illuminate\\database\\Connection.php(454): Illuminate\\Database\\Connection->statement('insert into `us...', Array)
#3 C:\\Users\\iaguc\\Desktop\\TopicosEmProgramação\\mercadoNegro-API\\vendor\\illuminate\\database\\Query\\Processors\\Processor.php(32): Illuminate\\Database\\Connection->insert('insert into `us...', Array)
#4 C:\\Users\\iaguc\\Desktop\\TopicosEmProgramação\\mercadoNegro-API\\vendor\\illuminate\\database\\Query\\Builder.php(3028): Illuminate\\Database\\Query\\Processors\\Processor->processInsertGetId(Object(Illuminate\\Database\\Query\\Builder), 'insert into `us...', Array, 'id')
#5 C:\\Users\\iaguc\\Desktop\\TopicosEmProgramação\\mercadoNegro-API\\vendor\\illuminate\\database\\Eloquent\\Builder.php(1657): Illuminate\\Database\\Query\\Builder->insertGetId(Array, 'id')
#6 C:\\Users\\iaguc\\Desktop\\TopicosEmProgramação\\mercadoNegro-API\\vendor\\illuminate\\database\\Eloquent\\Model.php(1188): Illuminate\\Database\\Eloquent\\Builder->__call('insertGetId', Array)
#7 C:\\Users\\iaguc\\Desktop\\TopicosEmProgramação\\mercadoNegro-API\\vendor\\illuminate\\database\\Eloquent\\Model.php(1153): Illuminate\\Database\\Eloquent\\Model->insertAndSetId(Object(Illuminate\\Database\\Eloquent\\Builder), Array)
#8 C:\\Users\\iaguc\\Desktop\\TopicosEmProgramação\\mercadoNegro-API\\vendor\\illuminate\\database\\Eloquent\\Model.php(994): Illuminate\\Database\\Eloquent\\Model->performInsert(Object(Illuminate\\Database\\Eloquent\\Builder))
#9 C:\\Users\\iaguc\\Desktop\\TopicosEmProgramação\\mercadoNegro-API\\app\\Http\\Controllers\\UsuarioAPIController.php(53): Illuminate\\Database\\Eloquent\\Model->save()
#10 C:\\Users\\iaguc\\Desktop\\TopicosEmProgramação\\mercadoNegro-API\\vendor\\illuminate\\container\\BoundMethod.php(36): App\\Http\\Controllers\\UsuarioAPIController->store(Object(Laravel\\Lumen\\Http\\Request))
#11 C:\\Users\\iaguc\\Desktop\\TopicosEmProgramação\\mercadoNegro-API\\vendor\\illuminate\\container\\Util.php(40): Illuminate\\Container\\BoundMethod::Illuminate\\Container\\{closure}()
#12 C:\\Users\\iaguc\\Desktop\\TopicosEmProgramação\\mercadoNegro-API\\vendor\\illuminate\\container\\BoundMethod.php(93): Illuminate\\Container\\Util::unwrapIfClosure(Object(Closure))
#13 C:\\Users\\iaguc\\Desktop\\TopicosEmProgramação\\mercadoNegro-API\\vendor\\illuminate\\container\\BoundMethod.php(37): Illuminate\\Container\\BoundMethod::callBoundMethod(Object(Laravel\\Lumen\\Application), Array, Object(Closure))
#14 C:\\Users\\iaguc\\Desktop\\TopicosEmProgramação\\mercadoNegro-API\\vendor\\illuminate\\container\\Container.php(653): Illuminate\\Container\\BoundMethod::call(Object(Laravel\\Lumen\\Application), Array, Array, NULL)
#15 C:\\Users\\iaguc\\Desktop\\TopicosEmProgramação\\mercadoNegro-API\\vendor\\laravel\\lumen-framework\\src\\Concerns\\RoutesRequests.php(389): Illuminate\\Container\\Container->call(Array, Array)
#16 C:\\Users\\iaguc\\Desktop\\TopicosEmProgramação\\mercadoNegro-API\\vendor\\laravel\\lumen-framework\\src\\Concerns\\RoutesRequests.php(355): Laravel\\Lumen\\Application->callControllerCallable(Array, Array)
#17 C:\\Users\\iaguc\\Desktop\\TopicosEmProgramação\\mercadoNegro-API\\vendor\\laravel\\lumen-framework\\src\\Concerns\\RoutesRequests.php(329): Laravel\\Lumen\\Application->callLumenController(Object(App\\Http\\Controllers\\UsuarioAPIController), 'store', Array)
#18 C:\\Users\\iaguc\\Desktop\\TopicosEmProgramação\\mercadoNegro-API\\vendor\\laravel\\lumen-framework\\src\\Concerns\\RoutesRequests.php(282): Laravel\\Lumen\\Application->callControllerAction(Array)
#19 C:\\Users\\iaguc\\Desktop\\TopicosEmProgramação\\mercadoNegro-API\\vendor\\laravel\\lumen-framework\\src\\Concerns\\RoutesRequests.php(267): Laravel\\Lumen\\Application->callActionOnArrayBasedRoute(Array)
#20 C:\\Users\\iaguc\\Desktop\\TopicosEmProgramação\\mercadoNegro-API\\vendor\\laravel\\lumen-framework\\src\\Concerns\\RoutesRequests.php(169): Laravel\\Lumen\\Application->handleFoundRoute(Array)
#21 C:\\Users\\iaguc\\Desktop\\TopicosEmProgramação\\mercadoNegro-API\\vendor\\laravel\\lumen-framework\\src\\Concerns\\RoutesRequests.php(429): Laravel\\Lumen\\Application->Laravel\\Lumen\\Concerns\\{closure}(Object(Laravel\\Lumen\\Http\\Request))
#22 C:\\Users\\iaguc\\Desktop\\TopicosEmProgramação\\mercadoNegro-API\\vendor\\laravel\\lumen-framework\\src\\Concerns\\RoutesRequests.php(175): Laravel\\Lumen\\Application->sendThroughPipeline(Array, Object(Closure))
#23 C:\\Users\\iaguc\\Desktop\\TopicosEmProgramação\\mercadoNegro-API\\vendor\\laravel\\lumen-framework\\src\\Concerns\\RoutesRequests.php(112): Laravel\\Lumen\\Application->dispatch(NULL)
#24 C:\\Users\\iaguc\\Desktop\\TopicosEmProgramação\\mercadoNegro-API\\public\\index.php(28): Laravel\\Lumen\\Application->run()
#25 {main}

[previous exception] [object] (PDOException(code: 22001): SQLSTATE[22001]: String data, right truncated: 1406 Data too long for column 'email' at row 1 at C:\\Users\\iaguc\\Desktop\\TopicosEmProgramação\\mercadoNegro-API\\vendor\\illuminate\\database\\Connection.php:501)
[stacktrace]
#0 C:\\Users\\iaguc\\Desktop\\TopicosEmProgramação\\mercadoNegro-API\\vendor\\illuminate\\database\\Connection.php(501): PDOStatement->execute()
#1 C:\\Users\\iaguc\\Desktop\\TopicosEmProgramação\\mercadoNegro-API\\vendor\\illuminate\\database\\Connection.php(705): Illuminate\\Database\\Connection->Illuminate\\Database\\{closure}('insert into `us...', Array)
#2 C:\\Users\\iaguc\\Desktop\\TopicosEmProgramação\\mercadoNegro-API\\vendor\\illuminate\\database\\Connection.php(672): Illuminate\\Database\\Connection->runQueryCallback('insert into `us...', Array, Object(Closure))
#3 C:\\Users\\iaguc\\Desktop\\TopicosEmProgramação\\mercadoNegro-API\\vendor\\illuminate\\database\\Connection.php(502): Illuminate\\Database\\Connection->run('insert into `us...', Array, Object(Closure))
#4 C:\\Users\\iaguc\\Desktop\\TopicosEmProgramação\\mercadoNegro-API\\vendor\\illuminate\\database\\Connection.php(454): Illuminate\\Database\\Connection->statement('insert into `us...', Array)
#5 C:\\Users\\iaguc\\Desktop\\TopicosEmProgramação\\mercadoNegro-API\\vendor\\illuminate\\database\\Query\\Processors\\Processor.php(32): Illuminate\\Database\\Connection->insert('insert into `us...', Array)
#6 C:\\Users\\iaguc\\Desktop\\TopicosEmProgramação\\mercadoNegro-API\\vendor\\illuminate\\database\\Query\\Builder.php(3028): Illuminate\\Database\\Query\\Processors\\Processor->processInsertGetId(Object(Illuminate\\Database\\Query\\Builder), 'insert into `us...', Array, 'id')
#7 C:\\Users\\iaguc\\Desktop\\TopicosEmProgramação\\mercadoNegro-API\\vendor\\illuminate\\database\\Eloquent\\Builder.php(1657): Illuminate\\Database\\Query\\Builder->insertGetId(Array, 'id')
#8 C:\\Users\\iaguc\\Desktop\\TopicosEmProgramação\\mercadoNegro-API\\vendor\\illuminate\\database\\Eloquent\\Model.php(1188): Illuminate\\Database\\Eloquent\\Builder->__call('insertGetId', Array)
#9 C:\\Users\\iaguc\\Desktop\\TopicosEmProgramação\\mercadoNegro-API\\vendor\\illuminate\\database\\Eloquent\\Model.php(1153): Illuminate\\Database\\Eloquent\\Model->insertAndSetId(Object(Illuminate\\Database\\Eloquent\\Builder), Array)
#10 C:\\Users\\iaguc\\Desktop\\TopicosEmProgramação\\mercadoNegro-API\\vendor\\illuminate\\database\\Eloquent\\Model.php(994): Illuminate\\Database\\Eloquent\\Model->performInsert(Object(Illuminate\\Database\\Eloquent\\Builder))
#11 C:\\Users\\iaguc\\Desktop\\TopicosEmProgramação\\mercadoNegro-API\\app\\Http\\Controllers\\UsuarioAPIController.php(53): Illuminate\\Database\\Eloquent\\Model->save()
#12 C:\\Users\\iaguc\\Desktop\\TopicosEmProgramação\\mercadoNegro-API\\vendor\\illuminate\\container\\BoundMethod.php(36): App\\Http\\Controllers\\UsuarioAPIController->store(Object(Laravel\\Lumen\\Http\\Request))
#13 C:\\Users\\iaguc\\Desktop\\TopicosEmProgramação\\mercadoNegro-API\\vendor\\illuminate\\container\\Util.php(40): Illuminate\\Container\\BoundMethod::Illuminate\\Container\\{closure}()
#14 C:\\Users\\iaguc\\Desktop\\TopicosEmProgramação\\mercadoNegro-API\\vendor\\illuminate\\container\\BoundMethod.php(93): Illuminate\\Container\\Util::unwrapIfClosure(Object(Closure))
#15 C:\\Users\\iaguc\\Desktop\\TopicosEmProgramação\\mercadoNegro-API\\vendor\\illuminate\\container\\BoundMethod.php(37): Illuminate\\Container\\BoundMethod::callBoundMethod(Object(Laravel\\Lumen\\Application), Array, Object(Closure))
#16 C:\\Users\\iaguc\\Desktop\\TopicosEmProgramação\\mercadoNegro-API\\vendor\\illuminate\\container\\Container.php(653): Illuminate\\Container\\BoundMethod::call(Object(Laravel\\Lumen\\Application), Array, Array, NULL)
#17 C:\\Users\\iaguc\\Desktop\\TopicosEmProgramação\\mercadoNegro-API\\vendor\\laravel\\lumen-framework\\src\\Concerns\\RoutesRequests.php(389): Illuminate\\Container\\Container->call(Array, Array)
#18 C:\\Users\\iaguc\\Desktop\\TopicosEmProgramação\\mercadoNegro-API\\vendor\\laravel\\lumen-framework\\src\\Concerns\\RoutesRequests.php(355): Laravel\\Lumen\\Application->callControllerCallable(Array, Array)
#19 C:\\Users\\iaguc\\Desktop\\TopicosEmProgramação\\mercadoNegro-API\\vendor\\laravel\\lumen-framework\\src\\Concerns\\RoutesRequests.php(329): Laravel\\Lumen\\Application->callLumenController(Object(App\\Http\\Controllers\\UsuarioAPIController), 'store', Array)
#20 C:\\Users\\iaguc\\Desktop\\TopicosEmProgramação\\mercadoNegro-API\\vendor\\laravel\\lumen-framework\\src\\Concerns\\RoutesRequests.php(282): Laravel\\Lumen\\Application->callControllerAction(Array)
#21 C:\\Users\\iaguc\\Desktop\\TopicosEmProgramação\\mercadoNegro-API\\vendor\\laravel\\lumen-framework\\src\\Concerns\\RoutesRequests.php(267): Laravel\\Lumen\\Application->callActionOnArrayBasedRoute(Array)
#22 C:\\Users\\iaguc\\Desktop\\TopicosEmProgramação\\mercadoNegro-API\\vendor\\laravel\\lumen-framework\\src\\Concerns\\RoutesRequests.php(169): Laravel\\Lumen\\Application->handleFoundRoute(Array)
#23 C:\\Users\\iaguc\\Desktop\\TopicosEmProgramação\\mercadoNegro-API\\vendor\\laravel\\lumen-framework\\src\\Concerns\\RoutesRequests.php(429): Laravel\\Lumen\\Application->Laravel\\Lumen\\Concerns\\{closure}(Object(Laravel\\Lumen\\Http\\Request))
#24 C:\\Users\\iaguc\\Desktop\\TopicosEmProgramação\\mercadoNegro-API\\vendor\\laravel\\lumen-framework\\src\\Concerns\\RoutesRequests.php(175): Laravel\\Lumen\\Application->sendThroughPipeline(Array, Object(Closure))
#25 C:\\Users\\iaguc\\Desktop\\TopicosEmProgramação\\mercadoNegro-API\\vendor\\laravel\\lumen-framework\\src\\Concerns\\RoutesRequests.php(112): Laravel\\Lumen\\Application->dispatch(NULL)
#26 C:\\Users\\iaguc\\Desktop\\TopicosEmProgramação\\mercadoNegro-API\\public\\index.php(28): Laravel\\Lumen\\Application->run()
#27 {main}
"} 
[2022-11-23 11:43:52] local.ERROR: Undefined array key 1 {"exception":"[object] (ErrorException(code: 0): Undefined array key 1 at C:\\Users\\iaguc\\Desktop\\TopicosEmProgramação\\mercadoNegro-API\\app\\Http\\Middleware\\APIUserControl.php:25)
[stacktrace]
#0 C:\\Users\\iaguc\\Desktop\\TopicosEmProgramação\\mercadoNegro-API\\vendor\\laravel\\lumen-framework\\src\\Concerns\\RegistersExceptionHandlers.php(47): Laravel\\Lumen\\Application->handleError(2, 'Undefined array...', 'C:\\\\Users\\\\iaguc\\\\...', 25)
#1 C:\\Users\\iaguc\\Desktop\\TopicosEmProgramação\\mercadoNegro-API\\app\\Http\\Middleware\\APIUserControl.php(25): Laravel\\Lumen\\Application->Laravel\\Lumen\\Concerns\\{closure}(2, 'Undefined array...', 'C:\\\\Users\\\\iaguc\\\\...', 25)
#2 C:\\Users\\iaguc\\Desktop\\TopicosEmProgramação\\mercadoNegro-API\\vendor\\illuminate\\pipeline\\Pipeline.php(167): App\\Http\\Middleware\\APIUserControl->handle(Object(Laravel\\Lumen\\Http\\Request), Object(Closure))
#3 C:\\Users\\iaguc\\Desktop\\TopicosEmProgramação\\mercadoNegro-API\\vendor\\laravel\\lumen-framework\\src\\Routing\\Pipeline.php(30): Illuminate\\Pipeline\\Pipeline->Illuminate\\Pipeline\\{closure}(Object(Laravel\\Lumen\\Http\\Request))
#4 C:\\Users\\iaguc\\Desktop\\TopicosEmProgramação\\mercadoNegro-API\\vendor\\illuminate\\pipeline\\Pipeline.php(103): Laravel\\Lumen\\Routing\\Pipeline->Laravel\\Lumen\\Routing\\{closure}(Object(Laravel\\Lumen\\Http\\Request))
#5 C:\\Users\\iaguc\\Desktop\\TopicosEmProgramação\\mercadoNegro-API\\vendor\\laravel\\lumen-framework\\src\\Concerns\\RoutesRequests.php(426): Illuminate\\Pipeline\\Pipeline->then(Object(Closure))
#6 C:\\Users\\iaguc\\Desktop\\TopicosEmProgramação\\mercadoNegro-API\\vendor\\laravel\\lumen-framework\\src\\Concerns\\RoutesRequests.php(375): Laravel\\Lumen\\Application->sendThroughPipeline(Array, Object(Closure))
#7 C:\\Users\\iaguc\\Desktop\\TopicosEmProgramação\\mercadoNegro-API\\vendor\\laravel\\lumen-framework\\src\\Concerns\\RoutesRequests.php(351): Laravel\\Lumen\\Application->callLumenControllerWithMiddleware(Object(App\\Http\\Controllers\\PocoesController), 'index', Array, Array)
#8 C:\\Users\\iaguc\\Desktop\\TopicosEmProgramação\\mercadoNegro-API\\vendor\\laravel\\lumen-framework\\src\\Concerns\\RoutesRequests.php(329): Laravel\\Lumen\\Application->callLumenController(Object(App\\Http\\Controllers\\PocoesController), 'index', Array)
#9 C:\\Users\\iaguc\\Desktop\\TopicosEmProgramação\\mercadoNegro-API\\vendor\\laravel\\lumen-framework\\src\\Concerns\\RoutesRequests.php(282): Laravel\\Lumen\\Application->callControllerAction(Array)
#10 C:\\Users\\iaguc\\Desktop\\TopicosEmProgramação\\mercadoNegro-API\\vendor\\laravel\\lumen-framework\\src\\Concerns\\RoutesRequests.php(267): Laravel\\Lumen\\Application->callActionOnArrayBasedRoute(Array)
#11 C:\\Users\\iaguc\\Desktop\\TopicosEmProgramação\\mercadoNegro-API\\vendor\\laravel\\lumen-framework\\src\\Concerns\\RoutesRequests.php(169): Laravel\\Lumen\\Application->handleFoundRoute(Array)
#12 C:\\Users\\iaguc\\Desktop\\TopicosEmProgramação\\mercadoNegro-API\\vendor\\laravel\\lumen-framework\\src\\Concerns\\RoutesRequests.php(429): Laravel\\Lumen\\Application->Laravel\\Lumen\\Concerns\\{closure}(Object(Laravel\\Lumen\\Http\\Request))
#13 C:\\Users\\iaguc\\Desktop\\TopicosEmProgramação\\mercadoNegro-API\\vendor\\laravel\\lumen-framework\\src\\Concerns\\RoutesRequests.php(175): Laravel\\Lumen\\Application->sendThroughPipeline(Array, Object(Closure))
#14 C:\\Users\\iaguc\\Desktop\\TopicosEmProgramação\\mercadoNegro-API\\vendor\\laravel\\lumen-framework\\src\\Concerns\\RoutesRequests.php(112): Laravel\\Lumen\\Application->dispatch(NULL)
#15 C:\\Users\\iaguc\\Desktop\\TopicosEmProgramação\\mercadoNegro-API\\public\\index.php(28): Laravel\\Lumen\\Application->run()
#16 {main}
"} 
[2022-11-23 11:44:00] local.ERROR: Undefined array key 1 {"exception":"[object] (ErrorException(code: 0): Undefined array key 1 at C:\\Users\\iaguc\\Desktop\\TopicosEmProgramação\\mercadoNegro-API\\app\\Http\\Middleware\\APIUserControl.php:25)
[stacktrace]
#0 C:\\Users\\iaguc\\Desktop\\TopicosEmProgramação\\mercadoNegro-API\\vendor\\laravel\\lumen-framework\\src\\Concerns\\RegistersExceptionHandlers.php(47): Laravel\\Lumen\\Application->handleError(2, 'Undefined array...', 'C:\\\\Users\\\\iaguc\\\\...', 25)
#1 C:\\Users\\iaguc\\Desktop\\TopicosEmProgramação\\mercadoNegro-API\\app\\Http\\Middleware\\APIUserControl.php(25): Laravel\\Lumen\\Application->Laravel\\Lumen\\Concerns\\{closure}(2, 'Undefined array...', 'C:\\\\Users\\\\iaguc\\\\...', 25)
#2 C:\\Users\\iaguc\\Desktop\\TopicosEmProgramação\\mercadoNegro-API\\vendor\\illuminate\\pipeline\\Pipeline.php(167): App\\Http\\Middleware\\APIUserControl->handle(Object(Laravel\\Lumen\\Http\\Request), Object(Closure))
#3 C:\\Users\\iaguc\\Desktop\\TopicosEmProgramação\\mercadoNegro-API\\vendor\\laravel\\lumen-framework\\src\\Routing\\Pipeline.php(30): Illuminate\\Pipeline\\Pipeline->Illuminate\\Pipeline\\{closure}(Object(Laravel\\Lumen\\Http\\Request))
#4 C:\\Users\\iaguc\\Desktop\\TopicosEmProgramação\\mercadoNegro-API\\vendor\\illuminate\\pipeline\\Pipeline.php(103): Laravel\\Lumen\\Routing\\Pipeline->Laravel\\Lumen\\Routing\\{closure}(Object(Laravel\\Lumen\\Http\\Request))
#5 C:\\Users\\iaguc\\Desktop\\TopicosEmProgramação\\mercadoNegro-API\\vendor\\laravel\\lumen-framework\\src\\Concerns\\RoutesRequests.php(426): Illuminate\\Pipeline\\Pipeline->then(Object(Closure))
#6 C:\\Users\\iaguc\\Desktop\\TopicosEmProgramação\\mercadoNegro-API\\vendor\\laravel\\lumen-framework\\src\\Concerns\\RoutesRequests.php(375): Laravel\\Lumen\\Application->sendThroughPipeline(Array, Object(Closure))
#7 C:\\Users\\iaguc\\Desktop\\TopicosEmProgramação\\mercadoNegro-API\\vendor\\laravel\\lumen-framework\\src\\Concerns\\RoutesRequests.php(351): Laravel\\Lumen\\Application->callLumenControllerWithMiddleware(Object(App\\Http\\Controllers\\PocoesController), 'index', Array, Array)
#8 C:\\Users\\iaguc\\Desktop\\TopicosEmProgramação\\mercadoNegro-API\\vendor\\laravel\\lumen-framework\\src\\Concerns\\RoutesRequests.php(329): Laravel\\Lumen\\Application->callLumenController(Object(App\\Http\\Controllers\\PocoesController), 'index', Array)
#9 C:\\Users\\iaguc\\Desktop\\TopicosEmProgramação\\mercadoNegro-API\\vendor\\laravel\\lumen-framework\\src\\Concerns\\RoutesRequests.php(282): Laravel\\Lumen\\Application->callControllerAction(Array)
#10 C:\\Users\\iaguc\\Desktop\\TopicosEmProgramação\\mercadoNegro-API\\vendor\\laravel\\lumen-framework\\src\\Concerns\\RoutesRequests.php(267): Laravel\\Lumen\\Application->callActionOnArrayBasedRoute(Array)
#11 C:\\Users\\iaguc\\Desktop\\TopicosEmProgramação\\mercadoNegro-API\\vendor\\laravel\\lumen-framework\\src\\Concerns\\RoutesRequests.php(169): Laravel\\Lumen\\Application->handleFoundRoute(Array)
#12 C:\\Users\\iaguc\\Desktop\\TopicosEmProgramação\\mercadoNegro-API\\vendor\\laravel\\lumen-framework\\src\\Concerns\\RoutesRequests.php(429): Laravel\\Lumen\\Application->Laravel\\Lumen\\Concerns\\{closure}(Object(Laravel\\Lumen\\Http\\Request))
#13 C:\\Users\\iaguc\\Desktop\\TopicosEmProgramação\\mercadoNegro-API\\vendor\\laravel\\lumen-framework\\src\\Concerns\\RoutesRequests.php(175): Laravel\\Lumen\\Application->sendThroughPipeline(Array, Object(Closure))
#14 C:\\Users\\iaguc\\Desktop\\TopicosEmProgramação\\mercadoNegro-API\\vendor\\laravel\\lumen-framework\\src\\Concerns\\RoutesRequests.php(112): Laravel\\Lumen\\Application->dispatch(NULL)
#15 C:\\Users\\iaguc\\Desktop\\TopicosEmProgramação\\mercadoNegro-API\\public\\index.php(28): Laravel\\Lumen\\Application->run()
#16 {main}
"} 
