[2022-10-05 19:23:00] local.ERROR: SQLSTATE[42S22]: Column not found: 1054 Unknown column 'updated_at' in 'field list' (SQL: insert into `jogador` (`nome`, `ataque`, `defesa`, `pontos_vida`, `updated_at`, `created_at`) values (player mediano, 50, 50, 100, 2022-10-05 19:23:00, 2022-10-05 19:23:00)) {"exception":"[object] (Illuminate\\Database\\QueryException(code: 42S22): SQLSTATE[42S22]: Column not found: 1054 Unknown column 'updated_at' in 'field list' (SQL: insert into `jogador` (`nome`, `ataque`, `defesa`, `pontos_vida`, `updated_at`, `created_at`) values (player mediano, 50, 50, 100, 2022-10-05 19:23:00, 2022-10-05 19:23:00)) at /home/haxor/Desktop/api-dev/minha-api/vendor/illuminate/database/Connection.php:712)
[stacktrace]
#0 /home/haxor/Desktop/api-dev/minha-api/vendor/illuminate/database/Connection.php(672): Illuminate\\Database\\Connection->runQueryCallback()
#1 /home/haxor/Desktop/api-dev/minha-api/vendor/illuminate/database/Connection.php(502): Illuminate\\Database\\Connection->run()
#2 /home/haxor/Desktop/api-dev/minha-api/vendor/illuminate/database/Connection.php(454): Illuminate\\Database\\Connection->statement()
#3 /home/haxor/Desktop/api-dev/minha-api/vendor/illuminate/database/Query/Processors/Processor.php(32): Illuminate\\Database\\Connection->insert()
#4 /home/haxor/Desktop/api-dev/minha-api/vendor/illuminate/database/Query/Builder.php(3028): Illuminate\\Database\\Query\\Processors\\Processor->processInsertGetId()
#5 /home/haxor/Desktop/api-dev/minha-api/vendor/illuminate/database/Eloquent/Builder.php(1657): Illuminate\\Database\\Query\\Builder->insertGetId()
#6 /home/haxor/Desktop/api-dev/minha-api/vendor/illuminate/database/Eloquent/Model.php(1188): Illuminate\\Database\\Eloquent\\Builder->__call()
#7 /home/haxor/Desktop/api-dev/minha-api/vendor/illuminate/database/Eloquent/Model.php(1153): Illuminate\\Database\\Eloquent\\Model->insertAndSetId()
#8 /home/haxor/Desktop/api-dev/minha-api/vendor/illuminate/database/Eloquent/Model.php(994): Illuminate\\Database\\Eloquent\\Model->performInsert()
#9 /home/haxor/Desktop/api-dev/minha-api/vendor/illuminate/database/Eloquent/Builder.php(896): Illuminate\\Database\\Eloquent\\Model->save()
#10 /home/haxor/Desktop/api-dev/minha-api/vendor/illuminate/support/helpers.php(263): Illuminate\\Database\\Eloquent\\Builder->Illuminate\\Database\\Eloquent\\{closure}()
#11 /home/haxor/Desktop/api-dev/minha-api/vendor/illuminate/database/Eloquent/Builder.php(897): tap()
#12 /home/haxor/Desktop/api-dev/minha-api/vendor/illuminate/support/Traits/ForwardsCalls.php(23): Illuminate\\Database\\Eloquent\\Builder->create()
#13 /home/haxor/Desktop/api-dev/minha-api/vendor/illuminate/database/Eloquent/Model.php(2132): Illuminate\\Database\\Eloquent\\Model->forwardCallTo()
#14 /home/haxor/Desktop/api-dev/minha-api/vendor/illuminate/database/Eloquent/Model.php(2144): Illuminate\\Database\\Eloquent\\Model->__call()
#15 /home/haxor/Desktop/api-dev/minha-api/app/Http/Controllers/JogadorController.php(56): Illuminate\\Database\\Eloquent\\Model::__callStatic()
#16 /home/haxor/Desktop/api-dev/minha-api/vendor/illuminate/container/BoundMethod.php(36): App\\Http\\Controllers\\JogadorController->store()
#17 /home/haxor/Desktop/api-dev/minha-api/vendor/illuminate/container/Util.php(40): Illuminate\\Container\\BoundMethod::Illuminate\\Container\\{closure}()
#18 /home/haxor/Desktop/api-dev/minha-api/vendor/illuminate/container/BoundMethod.php(93): Illuminate\\Container\\Util::unwrapIfClosure()
#19 /home/haxor/Desktop/api-dev/minha-api/vendor/illuminate/container/BoundMethod.php(37): Illuminate\\Container\\BoundMethod::callBoundMethod()
#20 /home/haxor/Desktop/api-dev/minha-api/vendor/illuminate/container/Container.php(653): Illuminate\\Container\\BoundMethod::call()
#21 /home/haxor/Desktop/api-dev/minha-api/vendor/laravel/lumen-framework/src/Concerns/RoutesRequests.php(389): Illuminate\\Container\\Container->call()
#22 /home/haxor/Desktop/api-dev/minha-api/vendor/laravel/lumen-framework/src/Concerns/RoutesRequests.php(355): Laravel\\Lumen\\Application->callControllerCallable()
#23 /home/haxor/Desktop/api-dev/minha-api/vendor/laravel/lumen-framework/src/Concerns/RoutesRequests.php(329): Laravel\\Lumen\\Application->callLumenController()
#24 /home/haxor/Desktop/api-dev/minha-api/vendor/laravel/lumen-framework/src/Concerns/RoutesRequests.php(282): Laravel\\Lumen\\Application->callControllerAction()
#25 /home/haxor/Desktop/api-dev/minha-api/vendor/laravel/lumen-framework/src/Concerns/RoutesRequests.php(267): Laravel\\Lumen\\Application->callActionOnArrayBasedRoute()
#26 /home/haxor/Desktop/api-dev/minha-api/vendor/laravel/lumen-framework/src/Concerns/RoutesRequests.php(169): Laravel\\Lumen\\Application->handleFoundRoute()
#27 /home/haxor/Desktop/api-dev/minha-api/vendor/laravel/lumen-framework/src/Concerns/RoutesRequests.php(429): Laravel\\Lumen\\Application->Laravel\\Lumen\\Concerns\\{closure}()
#28 /home/haxor/Desktop/api-dev/minha-api/vendor/laravel/lumen-framework/src/Concerns/RoutesRequests.php(175): Laravel\\Lumen\\Application->sendThroughPipeline()
#29 /home/haxor/Desktop/api-dev/minha-api/vendor/laravel/lumen-framework/src/Concerns/RoutesRequests.php(112): Laravel\\Lumen\\Application->dispatch()
#30 /home/haxor/Desktop/api-dev/minha-api/public/index.php(28): Laravel\\Lumen\\Application->run()
#31 {main}

[previous exception] [object] (PDOException(code: 42S22): SQLSTATE[42S22]: Column not found: 1054 Unknown column 'updated_at' in 'field list' at /home/haxor/Desktop/api-dev/minha-api/vendor/illuminate/database/Connection.php:495)
[stacktrace]
#0 /home/haxor/Desktop/api-dev/minha-api/vendor/illuminate/database/Connection.php(495): PDO->prepare()
#1 /home/haxor/Desktop/api-dev/minha-api/vendor/illuminate/database/Connection.php(705): Illuminate\\Database\\Connection->Illuminate\\Database\\{closure}()
#2 /home/haxor/Desktop/api-dev/minha-api/vendor/illuminate/database/Connection.php(672): Illuminate\\Database\\Connection->runQueryCallback()
#3 /home/haxor/Desktop/api-dev/minha-api/vendor/illuminate/database/Connection.php(502): Illuminate\\Database\\Connection->run()
#4 /home/haxor/Desktop/api-dev/minha-api/vendor/illuminate/database/Connection.php(454): Illuminate\\Database\\Connection->statement()
#5 /home/haxor/Desktop/api-dev/minha-api/vendor/illuminate/database/Query/Processors/Processor.php(32): Illuminate\\Database\\Connection->insert()
#6 /home/haxor/Desktop/api-dev/minha-api/vendor/illuminate/database/Query/Builder.php(3028): Illuminate\\Database\\Query\\Processors\\Processor->processInsertGetId()
#7 /home/haxor/Desktop/api-dev/minha-api/vendor/illuminate/database/Eloquent/Builder.php(1657): Illuminate\\Database\\Query\\Builder->insertGetId()
#8 /home/haxor/Desktop/api-dev/minha-api/vendor/illuminate/database/Eloquent/Model.php(1188): Illuminate\\Database\\Eloquent\\Builder->__call()
#9 /home/haxor/Desktop/api-dev/minha-api/vendor/illuminate/database/Eloquent/Model.php(1153): Illuminate\\Database\\Eloquent\\Model->insertAndSetId()
#10 /home/haxor/Desktop/api-dev/minha-api/vendor/illuminate/database/Eloquent/Model.php(994): Illuminate\\Database\\Eloquent\\Model->performInsert()
#11 /home/haxor/Desktop/api-dev/minha-api/vendor/illuminate/database/Eloquent/Builder.php(896): Illuminate\\Database\\Eloquent\\Model->save()
#12 /home/haxor/Desktop/api-dev/minha-api/vendor/illuminate/support/helpers.php(263): Illuminate\\Database\\Eloquent\\Builder->Illuminate\\Database\\Eloquent\\{closure}()
#13 /home/haxor/Desktop/api-dev/minha-api/vendor/illuminate/database/Eloquent/Builder.php(897): tap()
#14 /home/haxor/Desktop/api-dev/minha-api/vendor/illuminate/support/Traits/ForwardsCalls.php(23): Illuminate\\Database\\Eloquent\\Builder->create()
#15 /home/haxor/Desktop/api-dev/minha-api/vendor/illuminate/database/Eloquent/Model.php(2132): Illuminate\\Database\\Eloquent\\Model->forwardCallTo()
#16 /home/haxor/Desktop/api-dev/minha-api/vendor/illuminate/database/Eloquent/Model.php(2144): Illuminate\\Database\\Eloquent\\Model->__call()
#17 /home/haxor/Desktop/api-dev/minha-api/app/Http/Controllers/JogadorController.php(56): Illuminate\\Database\\Eloquent\\Model::__callStatic()
#18 /home/haxor/Desktop/api-dev/minha-api/vendor/illuminate/container/BoundMethod.php(36): App\\Http\\Controllers\\JogadorController->store()
#19 /home/haxor/Desktop/api-dev/minha-api/vendor/illuminate/container/Util.php(40): Illuminate\\Container\\BoundMethod::Illuminate\\Container\\{closure}()
#20 /home/haxor/Desktop/api-dev/minha-api/vendor/illuminate/container/BoundMethod.php(93): Illuminate\\Container\\Util::unwrapIfClosure()
#21 /home/haxor/Desktop/api-dev/minha-api/vendor/illuminate/container/BoundMethod.php(37): Illuminate\\Container\\BoundMethod::callBoundMethod()
#22 /home/haxor/Desktop/api-dev/minha-api/vendor/illuminate/container/Container.php(653): Illuminate\\Container\\BoundMethod::call()
#23 /home/haxor/Desktop/api-dev/minha-api/vendor/laravel/lumen-framework/src/Concerns/RoutesRequests.php(389): Illuminate\\Container\\Container->call()
#24 /home/haxor/Desktop/api-dev/minha-api/vendor/laravel/lumen-framework/src/Concerns/RoutesRequests.php(355): Laravel\\Lumen\\Application->callControllerCallable()
#25 /home/haxor/Desktop/api-dev/minha-api/vendor/laravel/lumen-framework/src/Concerns/RoutesRequests.php(329): Laravel\\Lumen\\Application->callLumenController()
#26 /home/haxor/Desktop/api-dev/minha-api/vendor/laravel/lumen-framework/src/Concerns/RoutesRequests.php(282): Laravel\\Lumen\\Application->callControllerAction()
#27 /home/haxor/Desktop/api-dev/minha-api/vendor/laravel/lumen-framework/src/Concerns/RoutesRequests.php(267): Laravel\\Lumen\\Application->callActionOnArrayBasedRoute()
#28 /home/haxor/Desktop/api-dev/minha-api/vendor/laravel/lumen-framework/src/Concerns/RoutesRequests.php(169): Laravel\\Lumen\\Application->handleFoundRoute()
#29 /home/haxor/Desktop/api-dev/minha-api/vendor/laravel/lumen-framework/src/Concerns/RoutesRequests.php(429): Laravel\\Lumen\\Application->Laravel\\Lumen\\Concerns\\{closure}()
#30 /home/haxor/Desktop/api-dev/minha-api/vendor/laravel/lumen-framework/src/Concerns/RoutesRequests.php(175): Laravel\\Lumen\\Application->sendThroughPipeline()
#31 /home/haxor/Desktop/api-dev/minha-api/vendor/laravel/lumen-framework/src/Concerns/RoutesRequests.php(112): Laravel\\Lumen\\Application->dispatch()
#32 /home/haxor/Desktop/api-dev/minha-api/public/index.php(28): Laravel\\Lumen\\Application->run()
#33 {main}
"} 
[2022-10-05 20:18:42] local.ERROR: Undefined property: Symfony\Component\HttpFoundation\ParameterBag::$ataque {"exception":"[object] (ErrorException(code: 0): Undefined property: Symfony\\Component\\HttpFoundation\\ParameterBag::$ataque at /home/haxor/Desktop/api-dev/minha-api/app/Http/Controllers/JogadorController.php:83)
[stacktrace]
#0 /home/haxor/Desktop/api-dev/minha-api/vendor/laravel/lumen-framework/src/Concerns/RegistersExceptionHandlers.php(47): Laravel\\Lumen\\Application->handleError()
#1 /home/haxor/Desktop/api-dev/minha-api/app/Http/Controllers/JogadorController.php(83): Laravel\\Lumen\\Application->Laravel\\Lumen\\Concerns\\{closure}()
#2 /home/haxor/Desktop/api-dev/minha-api/vendor/illuminate/container/BoundMethod.php(36): App\\Http\\Controllers\\JogadorController->update()
#3 /home/haxor/Desktop/api-dev/minha-api/vendor/illuminate/container/Util.php(40): Illuminate\\Container\\BoundMethod::Illuminate\\Container\\{closure}()
#4 /home/haxor/Desktop/api-dev/minha-api/vendor/illuminate/container/BoundMethod.php(93): Illuminate\\Container\\Util::unwrapIfClosure()
#5 /home/haxor/Desktop/api-dev/minha-api/vendor/illuminate/container/BoundMethod.php(37): Illuminate\\Container\\BoundMethod::callBoundMethod()
#6 /home/haxor/Desktop/api-dev/minha-api/vendor/illuminate/container/Container.php(653): Illuminate\\Container\\BoundMethod::call()
#7 /home/haxor/Desktop/api-dev/minha-api/vendor/laravel/lumen-framework/src/Concerns/RoutesRequests.php(389): Illuminate\\Container\\Container->call()
#8 /home/haxor/Desktop/api-dev/minha-api/vendor/laravel/lumen-framework/src/Concerns/RoutesRequests.php(355): Laravel\\Lumen\\Application->callControllerCallable()
#9 /home/haxor/Desktop/api-dev/minha-api/vendor/laravel/lumen-framework/src/Concerns/RoutesRequests.php(329): Laravel\\Lumen\\Application->callLumenController()
#10 /home/haxor/Desktop/api-dev/minha-api/vendor/laravel/lumen-framework/src/Concerns/RoutesRequests.php(282): Laravel\\Lumen\\Application->callControllerAction()
#11 /home/haxor/Desktop/api-dev/minha-api/vendor/laravel/lumen-framework/src/Concerns/RoutesRequests.php(267): Laravel\\Lumen\\Application->callActionOnArrayBasedRoute()
#12 /home/haxor/Desktop/api-dev/minha-api/vendor/laravel/lumen-framework/src/Concerns/RoutesRequests.php(237): Laravel\\Lumen\\Application->handleFoundRoute()
#13 /home/haxor/Desktop/api-dev/minha-api/vendor/laravel/lumen-framework/src/Concerns/RoutesRequests.php(173): Laravel\\Lumen\\Application->handleDispatcherResponse()
#14 /home/haxor/Desktop/api-dev/minha-api/vendor/laravel/lumen-framework/src/Concerns/RoutesRequests.php(429): Laravel\\Lumen\\Application->Laravel\\Lumen\\Concerns\\{closure}()
#15 /home/haxor/Desktop/api-dev/minha-api/vendor/laravel/lumen-framework/src/Concerns/RoutesRequests.php(175): Laravel\\Lumen\\Application->sendThroughPipeline()
#16 /home/haxor/Desktop/api-dev/minha-api/vendor/laravel/lumen-framework/src/Concerns/RoutesRequests.php(112): Laravel\\Lumen\\Application->dispatch()
#17 /home/haxor/Desktop/api-dev/minha-api/public/index.php(28): Laravel\\Lumen\\Application->run()
#18 {main}
"} 
